#
# There is insufficient memory for the Java Runtime Environment to continue.
# Native memory allocation (malloc) failed to allocate 32744 bytes for Chunk::new
# Possible reasons:
#   The system is out of physical RAM or swap space
#   The process is running with CompressedOops enabled, and the Java Heap may be blocking the growth of the native heap
# Possible solutions:
#   Reduce memory load on the system
#   Increase physical memory or swap space
#   Check if swap backing store is full
#   Decrease Java heap size (-Xmx/-Xms)
#   Decrease number of Java threads
#   Decrease Java thread stack sizes (-Xss)
#   Set larger code cache with -XX:ReservedCodeCacheSize=
#   JVM is running with Zero Based Compressed Oops mode in which the Java heap is
#     placed in the first 32GB address space. The Java Heap base address is the
#     maximum limit for the native heap growth. Please use -XX:HeapBaseMinAddress
#     to set the Java Heap base and to place the Java Heap above 32GB virtual address.
# This output file may be truncated or incomplete.
#
#  Out of Memory Error (arena.cpp:168), pid=9320, tid=9716
#
# JRE version: OpenJDK Runtime Environment (21.0.2+13) (build 21.0.2+13-58)
# Java VM: OpenJDK 64-Bit Server VM (21.0.2+13-58, mixed mode, sharing, tiered, compressed oops, compressed class ptrs, g1 gc, windows-amd64)
# No core dump will be written. Minidumps are not enabled by default on client versions of Windows
#

---------------  S U M M A R Y ------------

Command Line: -javaagent:C:\Program Files\JetBrains\IntelliJ IDEA 2023.3.2\lib\idea_rt.jar=52482:C:\Program Files\JetBrains\IntelliJ IDEA 2023.3.2\bin -Dfile.encoding=UTF-8 -Dsun.stdout.encoding=UTF-8 -Dsun.stderr.encoding=UTF-8 main.MainClass

Host: Intel(R) Core(TM) i3-9100F CPU @ 3.60GHz, 4 cores, 15G,  Windows 11 , 64 bit Build 22621 (10.0.22621.3085)
Time: Mon Mar 11 20:13:25 2024 FLE Standard Time elapsed time: 37.856554 seconds (0d 0h 0m 37s)

---------------  T H R E A D  ---------------

Current thread (0x0000016a15292660):  JavaThread "C1 CompilerThread0" daemon [_thread_in_native, id=9716, stack(0x000000395db00000,0x000000395dc00000) (1024K)]


Current CompileTask:
C1:  37856 1987   !   3       java.awt.DefaultKeyboardFocusManager::typeAheadAssertions (356 bytes)

Stack: [0x000000395db00000,0x000000395dc00000]
Native frames: (J=compiled Java code, j=interpreted, Vv=VM code, C=native code)
V  [jvm.dll+0x6cade9]
V  [jvm.dll+0x8569c1]
V  [jvm.dll+0x858d2e]
V  [jvm.dll+0x859413]
V  [jvm.dll+0x280e56]
V  [jvm.dll+0xc3f3d]
V  [jvm.dll+0xc4473]
V  [jvm.dll+0x13f0de]
V  [jvm.dll+0x13e477]
V  [jvm.dll+0x1a0ff6]
V  [jvm.dll+0x1a2a1d]
V  [jvm.dll+0x1a20ba]
V  [jvm.dll+0x16a13b]
V  [jvm.dll+0x153fe4]
V  [jvm.dll+0x154183]
V  [jvm.dll+0x154444]
V  [jvm.dll+0x153886]
V  [jvm.dll+0x1555ed]
V  [jvm.dll+0x258859]
V  [jvm.dll+0x256e3a]
V  [jvm.dll+0x3ef6c6]
V  [jvm.dll+0x7ff568]
V  [jvm.dll+0x6c953d]
C  [ucrtbase.dll+0x29363]
C  [KERNEL32.DLL+0x1257d]
C  [ntdll.dll+0x5aa58]


---------------  P R O C E S S  ---------------

Threads class SMR info:
_java_thread_list=0x0000016a5b72c890, length=18, elements={
0x0000016a1527c5a0, 0x0000016a1527d2c0, 0x0000016a1527f480, 0x0000016a15280370,
0x0000016a15280dd0, 0x0000016a15281960, 0x0000016a1528fd40, 0x0000016a15292660,
0x0000016a1524ee20, 0x0000016a156a7c50, 0x0000016a156a82c0, 0x0000016a157d1b00,
0x0000016a5b0094a0, 0x0000016a1581d870, 0x0000016a5b521f20, 0x0000016a5b060e60,
0x0000016a747a2410, 0x0000016a156a53c0
}

Java Threads: ( => current thread )
  0x0000016a1527c5a0 JavaThread "Reference Handler"          daemon [_thread_blocked, id=12144, stack(0x000000395d400000,0x000000395d500000) (1024K)]
  0x0000016a1527d2c0 JavaThread "Finalizer"                  daemon [_thread_blocked, id=3024, stack(0x000000395d500000,0x000000395d600000) (1024K)]
  0x0000016a1527f480 JavaThread "Signal Dispatcher"          daemon [_thread_blocked, id=12540, stack(0x000000395d600000,0x000000395d700000) (1024K)]
  0x0000016a15280370 JavaThread "Attach Listener"            daemon [_thread_blocked, id=4228, stack(0x000000395d700000,0x000000395d800000) (1024K)]
  0x0000016a15280dd0 JavaThread "Service Thread"             daemon [_thread_blocked, id=14688, stack(0x000000395d800000,0x000000395d900000) (1024K)]
  0x0000016a15281960 JavaThread "Monitor Deflation Thread"   daemon [_thread_blocked, id=15280, stack(0x000000395d900000,0x000000395da00000) (1024K)]
  0x0000016a1528fd40 JavaThread "C2 CompilerThread0"         daemon [_thread_blocked, id=14720, stack(0x000000395da00000,0x000000395db00000) (1024K)]
=>0x0000016a15292660 JavaThread "C1 CompilerThread0"         daemon [_thread_in_native, id=9716, stack(0x000000395db00000,0x000000395dc00000) (1024K)]
  0x0000016a1524ee20 JavaThread "Common-Cleaner"             daemon [_thread_blocked, id=10500, stack(0x000000395dc00000,0x000000395dd00000) (1024K)]
  0x0000016a156a7c50 JavaThread "Monitor Ctrl-Break"         daemon [_thread_in_native, id=11744, stack(0x000000395dd00000,0x000000395de00000) (1024K)]
  0x0000016a156a82c0 JavaThread "Notification Thread"        daemon [_thread_blocked, id=5344, stack(0x000000395de00000,0x000000395df00000) (1024K)]
  0x0000016a157d1b00 JavaThread "Java2D Disposer"            daemon [_thread_blocked, id=8376, stack(0x000000395df00000,0x000000395e000000) (1024K)]
  0x0000016a5b0094a0 JavaThread "AWT-Shutdown"                      [_thread_blocked, id=11316, stack(0x000000395e300000,0x000000395e400000) (1024K)]
  0x0000016a1581d870 JavaThread "AWT-Windows"                daemon [_thread_in_native, id=1212, stack(0x000000395e400000,0x000000395e500000) (1024K)]
  0x0000016a5b521f20 JavaThread "AWT-EventQueue-0"                  [_thread_in_native, id=8700, stack(0x000000395e700000,0x000000395e800000) (1024K)]
  0x0000016a5b060e60 JavaThread "Thread-0"                          [_thread_in_Java, id=6472, stack(0x000000395e800000,0x000000395e900000) (1024K)]
  0x0000016a747a2410 JavaThread "DestroyJavaVM"                     [_thread_blocked, id=4636, stack(0x000000395cc00000,0x000000395cd00000) (1024K)]
  0x0000016a156a53c0 JavaThread "D3D Screen Updater"         daemon [_thread_blocked, id=9444, stack(0x000000395e900000,0x000000395ea00000) (1024K)]
Total: 18

Other Threads:
  0x0000016a7477b5a0 VMThread "VM Thread"                           [id=7952, stack(0x000000395d300000,0x000000395d400000) (1024K)]
  0x0000016a1524afa0 WatcherThread "VM Periodic Task Thread"        [id=15080, stack(0x000000395d200000,0x000000395d300000) (1024K)]
  0x0000016a7477ae60 WorkerThread "GC Thread#0"                     [id=9956, stack(0x000000395cd00000,0x000000395ce00000) (1024K)]
  0x0000016a7477bce0 WorkerThread "GC Thread#1"                     [id=10196, stack(0x000000395e000000,0x000000395e100000) (1024K)]
  0x0000016a7477c080 WorkerThread "GC Thread#2"                     [id=3152, stack(0x000000395e100000,0x000000395e200000) (1024K)]
  0x0000016a15825450 WorkerThread "GC Thread#3"                     [id=7612, stack(0x000000395e200000,0x000000395e300000) (1024K)]
  0x0000016a749f2d00 ConcurrentGCThread "G1 Main Marker"            [id=14324, stack(0x000000395ce00000,0x000000395cf00000) (1024K)]
  0x0000016a7477b940 WorkerThread "G1 Conc#0"                       [id=15120, stack(0x000000395cf00000,0x000000395d000000) (1024K)]
  0x0000016a74a3e660 ConcurrentGCThread "G1 Refine#0"               [id=3424, stack(0x000000395d000000,0x000000395d100000) (1024K)]
  0x0000016a1510b680 ConcurrentGCThread "G1 Service"                [id=7132, stack(0x000000395d100000,0x000000395d200000) (1024K)]
Total: 10

Threads with active compile tasks:
C1 CompilerThread0    37901 1987   !   3       java.awt.DefaultKeyboardFocusManager::typeAheadAssertions (356 bytes)
Total: 1

VM state: not at safepoint (normal execution)

VM Mutex/Monitor currently owned by a thread: None

Heap address: 0x0000000701000000, size: 4080 MB, Compressed Oops mode: Zero based, Oop shift amount: 3

CDS archive(s) mapped at: [0x0000016a16000000-0x0000016a16c90000-0x0000016a16c90000), size 13172736, SharedBaseAddress: 0x0000016a16000000, ArchiveRelocationMode: 1.
Compressed class space mapped at: 0x0000016a17000000-0x0000016a57000000, reserved size: 1073741824
Narrow klass base: 0x0000016a16000000, Narrow klass shift: 0, Narrow klass range: 0x100000000

GC Precious Log:
 CardTable entry size: 512
 Card Set container configuration: InlinePtr #cards 4 size 8 Array Of Cards #cards 16 size 48 Howl #buckets 8 coarsen threshold 3686 Howl Bitmap #cards 512 size 80 coarsen threshold 460 Card regions per heap region 1 cards per card region 4096
 CPUs: 4 total, 4 available
 Memory: 16317M
 Large Page Support: Disabled
 NUMA Support: Disabled
 Compressed Oops: Enabled (Zero based)
 Heap Region Size: 2M
 Heap Min Capacity: 8M
 Heap Initial Capacity: 256M
 Heap Max Capacity: 4080M
 Pre-touch: Disabled
 Parallel Workers: 4
 Concurrent Workers: 1
 Concurrent Refinement Workers: 4
 Periodic GC: Disabled

Heap:
 garbage-first heap   total 262144K, used 116693K [0x0000000701000000, 0x0000000800000000)
  region size 2048K, 25 young (51200K), 1 survivors (2048K)
 Metaspace       used 9284K, committed 9472K, reserved 1114112K
  class space    used 915K, committed 1024K, reserved 1048576K

Heap Regions: E=young(eden), S=young(survivor), O=old, HS=humongous(starts), HC=humongous(continues), CS=collection set, F=free, TAMS=top-at-mark-start, PB=parsable bottom
|   0|0x0000000701000000, 0x0000000701200000, 0x0000000701200000|100%|HS|  |TAMS 0x0000000701000000| PB 0x0000000701000000| Complete 
|   1|0x0000000701200000, 0x0000000701400000, 0x0000000701400000|100%|HC|  |TAMS 0x0000000701200000| PB 0x0000000701200000| Complete 
|   2|0x0000000701400000, 0x0000000701600000, 0x0000000701600000|100%|HC|  |TAMS 0x0000000701400000| PB 0x0000000701400000| Complete 
|   3|0x0000000701600000, 0x0000000701800000, 0x0000000701800000|100%|HC|  |TAMS 0x0000000701600000| PB 0x0000000701600000| Complete 
|   4|0x0000000701800000, 0x0000000701a00000, 0x0000000701a00000|100%|HC|  |TAMS 0x0000000701800000| PB 0x0000000701800000| Complete 
|   5|0x0000000701a00000, 0x0000000701c00000, 0x0000000701c00000|100%|HC|  |TAMS 0x0000000701a00000| PB 0x0000000701a00000| Complete 
|   6|0x0000000701c00000, 0x0000000701e00000, 0x0000000701e00000|100%|HC|  |TAMS 0x0000000701c00000| PB 0x0000000701c00000| Complete 
|   7|0x0000000701e00000, 0x0000000702000000, 0x0000000702000000|100%|HC|  |TAMS 0x0000000701e00000| PB 0x0000000701e00000| Complete 
|   8|0x0000000702000000, 0x0000000702200000, 0x0000000702200000|100%|HC|  |TAMS 0x0000000702000000| PB 0x0000000702000000| Complete 
|   9|0x0000000702200000, 0x0000000702400000, 0x0000000702400000|100%|HC|  |TAMS 0x0000000702200000| PB 0x0000000702200000| Complete 
|  10|0x0000000702400000, 0x0000000702600000, 0x0000000702600000|100%|HC|  |TAMS 0x0000000702400000| PB 0x0000000702400000| Complete 
|  11|0x0000000702600000, 0x0000000702800000, 0x0000000702800000|100%|HC|  |TAMS 0x0000000702600000| PB 0x0000000702600000| Complete 
|  12|0x0000000702800000, 0x0000000702a00000, 0x0000000702a00000|100%|HC|  |TAMS 0x0000000702800000| PB 0x0000000702800000| Complete 
|  13|0x0000000702a00000, 0x0000000702c00000, 0x0000000702c00000|100%|HS|  |TAMS 0x0000000702a00000| PB 0x0000000702a00000| Complete 
|  14|0x0000000702c00000, 0x0000000702e00000, 0x0000000702e00000|100%|HC|  |TAMS 0x0000000702c00000| PB 0x0000000702c00000| Complete 
|  15|0x0000000702e00000, 0x0000000703000000, 0x0000000703000000|100%|HC|  |TAMS 0x0000000702e00000| PB 0x0000000702e00000| Complete 
|  16|0x0000000703000000, 0x0000000703200000, 0x0000000703200000|100%|HC|  |TAMS 0x0000000703000000| PB 0x0000000703000000| Complete 
|  17|0x0000000703200000, 0x0000000703400000, 0x0000000703400000|100%|HC|  |TAMS 0x0000000703200000| PB 0x0000000703200000| Complete 
|  18|0x0000000703400000, 0x0000000703600000, 0x0000000703600000|100%|HC|  |TAMS 0x0000000703400000| PB 0x0000000703400000| Complete 
|  19|0x0000000703600000, 0x0000000703800000, 0x0000000703800000|100%|HC|  |TAMS 0x0000000703600000| PB 0x0000000703600000| Complete 
|  20|0x0000000703800000, 0x0000000703a00000, 0x0000000703a00000|100%|HS|  |TAMS 0x0000000703800000| PB 0x0000000703800000| Complete 
|  21|0x0000000703a00000, 0x0000000703c00000, 0x0000000703c00000|100%|HC|  |TAMS 0x0000000703a00000| PB 0x0000000703a00000| Complete 
|  22|0x0000000703c00000, 0x0000000703e00000, 0x0000000703e00000|100%|HC|  |TAMS 0x0000000703c00000| PB 0x0000000703c00000| Complete 
|  23|0x0000000703e00000, 0x0000000704000000, 0x0000000704000000|100%|HC|  |TAMS 0x0000000703e00000| PB 0x0000000703e00000| Complete 
|  24|0x0000000704000000, 0x0000000704200000, 0x0000000704200000|100%|HC|  |TAMS 0x0000000704000000| PB 0x0000000704000000| Complete 
|  25|0x0000000704200000, 0x0000000704400000, 0x0000000704400000|100%|HC|  |TAMS 0x0000000704200000| PB 0x0000000704200000| Complete 
|  26|0x0000000704400000, 0x0000000704600000, 0x0000000704600000|100%|HC|  |TAMS 0x0000000704400000| PB 0x0000000704400000| Complete 
|  27|0x0000000704600000, 0x0000000704800000, 0x0000000704800000|100%|HS|  |TAMS 0x0000000704600000| PB 0x0000000704600000| Complete 
|  28|0x0000000704800000, 0x0000000704a00000, 0x0000000704a00000|100%|HC|  |TAMS 0x0000000704800000| PB 0x0000000704800000| Complete 
|  29|0x0000000704a00000, 0x0000000704c00000, 0x0000000704c00000|100%|HC|  |TAMS 0x0000000704a00000| PB 0x0000000704a00000| Complete 
|  30|0x0000000704c00000, 0x0000000704e00000, 0x0000000704e00000|100%|HC|  |TAMS 0x0000000704c00000| PB 0x0000000704c00000| Complete 
|  31|0x0000000704e00000, 0x0000000705000000, 0x0000000705000000|100%|HC|  |TAMS 0x0000000704e00000| PB 0x0000000704e00000| Complete 
|  32|0x0000000705000000, 0x0000000705200000, 0x0000000705200000|100%|HC|  |TAMS 0x0000000705000000| PB 0x0000000705000000| Complete 
|  33|0x0000000705200000, 0x0000000705400000, 0x0000000705400000|100%|HC|  |TAMS 0x0000000705200000| PB 0x0000000705200000| Complete 
|  34|0x0000000705400000, 0x0000000705400000, 0x0000000705600000|  0%| F|  |TAMS 0x0000000705400000| PB 0x0000000705400000| Untracked 
|  35|0x0000000705600000, 0x0000000705600000, 0x0000000705800000|  0%| F|  |TAMS 0x0000000705600000| PB 0x0000000705600000| Untracked 
|  36|0x0000000705800000, 0x0000000705800000, 0x0000000705a00000|  0%| F|  |TAMS 0x0000000705800000| PB 0x0000000705800000| Untracked 
|  37|0x0000000705a00000, 0x0000000705a00000, 0x0000000705c00000|  0%| F|  |TAMS 0x0000000705a00000| PB 0x0000000705a00000| Untracked 
|  38|0x0000000705c00000, 0x0000000705c00000, 0x0000000705e00000|  0%| F|  |TAMS 0x0000000705c00000| PB 0x0000000705c00000| Untracked 
|  39|0x0000000705e00000, 0x0000000705e00000, 0x0000000706000000|  0%| F|  |TAMS 0x0000000705e00000| PB 0x0000000705e00000| Untracked 
|  40|0x0000000706000000, 0x0000000706000000, 0x0000000706200000|  0%| F|  |TAMS 0x0000000706000000| PB 0x0000000706000000| Untracked 
|  41|0x0000000706200000, 0x0000000706200000, 0x0000000706400000|  0%| F|  |TAMS 0x0000000706200000| PB 0x0000000706200000| Untracked 
|  42|0x0000000706400000, 0x0000000706400000, 0x0000000706600000|  0%| F|  |TAMS 0x0000000706400000| PB 0x0000000706400000| Untracked 
|  43|0x0000000706600000, 0x0000000706600000, 0x0000000706800000|  0%| F|  |TAMS 0x0000000706600000| PB 0x0000000706600000| Untracked 
|  44|0x0000000706800000, 0x0000000706800000, 0x0000000706a00000|  0%| F|  |TAMS 0x0000000706800000| PB 0x0000000706800000| Untracked 
|  45|0x0000000706a00000, 0x0000000706a00000, 0x0000000706c00000|  0%| F|  |TAMS 0x0000000706a00000| PB 0x0000000706a00000| Untracked 
|  46|0x0000000706c00000, 0x0000000706c00000, 0x0000000706e00000|  0%| F|  |TAMS 0x0000000706c00000| PB 0x0000000706c00000| Untracked 
|  47|0x0000000706e00000, 0x0000000706e00000, 0x0000000707000000|  0%| F|  |TAMS 0x0000000706e00000| PB 0x0000000706e00000| Untracked 
|  48|0x0000000707000000, 0x0000000707000000, 0x0000000707200000|  0%| F|  |TAMS 0x0000000707000000| PB 0x0000000707000000| Untracked 
|  49|0x0000000707200000, 0x0000000707200000, 0x0000000707400000|  0%| F|  |TAMS 0x0000000707200000| PB 0x0000000707200000| Untracked 
|  50|0x0000000707400000, 0x0000000707400000, 0x0000000707600000|  0%| F|  |TAMS 0x0000000707400000| PB 0x0000000707400000| Untracked 
|  51|0x0000000707600000, 0x0000000707600000, 0x0000000707800000|  0%| F|  |TAMS 0x0000000707600000| PB 0x0000000707600000| Untracked 
|  52|0x0000000707800000, 0x0000000707800000, 0x0000000707a00000|  0%| F|  |TAMS 0x0000000707800000| PB 0x0000000707800000| Untracked 
|  53|0x0000000707a00000, 0x0000000707a00000, 0x0000000707c00000|  0%| F|  |TAMS 0x0000000707a00000| PB 0x0000000707a00000| Untracked 
|  54|0x0000000707c00000, 0x0000000707c00000, 0x0000000707e00000|  0%| F|  |TAMS 0x0000000707c00000| PB 0x0000000707c00000| Untracked 
|  55|0x0000000707e00000, 0x0000000707e00000, 0x0000000708000000|  0%| F|  |TAMS 0x0000000707e00000| PB 0x0000000707e00000| Untracked 
|  56|0x0000000708000000, 0x0000000708000000, 0x0000000708200000|  0%| F|  |TAMS 0x0000000708000000| PB 0x0000000708000000| Untracked 
|  57|0x0000000708200000, 0x0000000708200000, 0x0000000708400000|  0%| F|  |TAMS 0x0000000708200000| PB 0x0000000708200000| Untracked 
|  58|0x0000000708400000, 0x0000000708400000, 0x0000000708600000|  0%| F|  |TAMS 0x0000000708400000| PB 0x0000000708400000| Untracked 
|  59|0x0000000708600000, 0x0000000708600000, 0x0000000708800000|  0%| F|  |TAMS 0x0000000708600000| PB 0x0000000708600000| Untracked 
|  60|0x0000000708800000, 0x0000000708800000, 0x0000000708a00000|  0%| F|  |TAMS 0x0000000708800000| PB 0x0000000708800000| Untracked 
|  61|0x0000000708a00000, 0x0000000708a00000, 0x0000000708c00000|  0%| F|  |TAMS 0x0000000708a00000| PB 0x0000000708a00000| Untracked 
|  62|0x0000000708c00000, 0x0000000708c00000, 0x0000000708e00000|  0%| F|  |TAMS 0x0000000708c00000| PB 0x0000000708c00000| Untracked 
|  63|0x0000000708e00000, 0x0000000708e00000, 0x0000000709000000|  0%| F|  |TAMS 0x0000000708e00000| PB 0x0000000708e00000| Untracked 
|  64|0x0000000709000000, 0x0000000709000000, 0x0000000709200000|  0%| F|  |TAMS 0x0000000709000000| PB 0x0000000709000000| Untracked 
|  65|0x0000000709200000, 0x0000000709200000, 0x0000000709400000|  0%| F|  |TAMS 0x0000000709200000| PB 0x0000000709200000| Untracked 
|  66|0x0000000709400000, 0x0000000709400000, 0x0000000709600000|  0%| F|  |TAMS 0x0000000709400000| PB 0x0000000709400000| Untracked 
|  67|0x0000000709600000, 0x0000000709600000, 0x0000000709800000|  0%| F|  |TAMS 0x0000000709600000| PB 0x0000000709600000| Untracked 
|  68|0x0000000709800000, 0x0000000709800000, 0x0000000709a00000|  0%| F|  |TAMS 0x0000000709800000| PB 0x0000000709800000| Untracked 
|  69|0x0000000709a00000, 0x0000000709a00000, 0x0000000709c00000|  0%| F|  |TAMS 0x0000000709a00000| PB 0x0000000709a00000| Untracked 
|  70|0x0000000709c00000, 0x0000000709c00000, 0x0000000709e00000|  0%| F|  |TAMS 0x0000000709c00000| PB 0x0000000709c00000| Untracked 
|  71|0x0000000709e00000, 0x0000000709e00000, 0x000000070a000000|  0%| F|  |TAMS 0x0000000709e00000| PB 0x0000000709e00000| Untracked 
|  72|0x000000070a000000, 0x000000070a000000, 0x000000070a200000|  0%| F|  |TAMS 0x000000070a000000| PB 0x000000070a000000| Untracked 
|  73|0x000000070a200000, 0x000000070a200000, 0x000000070a400000|  0%| F|  |TAMS 0x000000070a200000| PB 0x000000070a200000| Untracked 
|  74|0x000000070a400000, 0x000000070a400000, 0x000000070a600000|  0%| F|  |TAMS 0x000000070a400000| PB 0x000000070a400000| Untracked 
|  75|0x000000070a600000, 0x000000070a600000, 0x000000070a800000|  0%| F|  |TAMS 0x000000070a600000| PB 0x000000070a600000| Untracked 
|  76|0x000000070a800000, 0x000000070a800000, 0x000000070aa00000|  0%| F|  |TAMS 0x000000070a800000| PB 0x000000070a800000| Untracked 
|  77|0x000000070aa00000, 0x000000070aa00000, 0x000000070ac00000|  0%| F|  |TAMS 0x000000070aa00000| PB 0x000000070aa00000| Untracked 
|  78|0x000000070ac00000, 0x000000070ac00000, 0x000000070ae00000|  0%| F|  |TAMS 0x000000070ac00000| PB 0x000000070ac00000| Untracked 
|  79|0x000000070ae00000, 0x000000070ae00000, 0x000000070b000000|  0%| F|  |TAMS 0x000000070ae00000| PB 0x000000070ae00000| Untracked 
|  80|0x000000070b000000, 0x000000070b000000, 0x000000070b200000|  0%| F|  |TAMS 0x000000070b000000| PB 0x000000070b000000| Untracked 
|  81|0x000000070b200000, 0x000000070b200000, 0x000000070b400000|  0%| F|  |TAMS 0x000000070b200000| PB 0x000000070b200000| Untracked 
|  82|0x000000070b400000, 0x000000070b400000, 0x000000070b600000|  0%| F|  |TAMS 0x000000070b400000| PB 0x000000070b400000| Untracked 
|  83|0x000000070b600000, 0x000000070b600000, 0x000000070b800000|  0%| F|  |TAMS 0x000000070b600000| PB 0x000000070b600000| Untracked 
|  84|0x000000070b800000, 0x000000070b800000, 0x000000070ba00000|  0%| F|  |TAMS 0x000000070b800000| PB 0x000000070b800000| Untracked 
|  85|0x000000070ba00000, 0x000000070ba00000, 0x000000070bc00000|  0%| F|  |TAMS 0x000000070ba00000| PB 0x000000070ba00000| Untracked 
|  86|0x000000070bc00000, 0x000000070bc00000, 0x000000070be00000|  0%| F|  |TAMS 0x000000070bc00000| PB 0x000000070bc00000| Untracked 
|  87|0x000000070be00000, 0x000000070be00000, 0x000000070c000000|  0%| F|  |TAMS 0x000000070be00000| PB 0x000000070be00000| Untracked 
|  88|0x000000070c000000, 0x000000070c000000, 0x000000070c200000|  0%| F|  |TAMS 0x000000070c000000| PB 0x000000070c000000| Untracked 
|  89|0x000000070c200000, 0x000000070c200000, 0x000000070c400000|  0%| F|  |TAMS 0x000000070c200000| PB 0x000000070c200000| Untracked 
|  90|0x000000070c400000, 0x000000070c400000, 0x000000070c600000|  0%| F|  |TAMS 0x000000070c400000| PB 0x000000070c400000| Untracked 
|  91|0x000000070c600000, 0x000000070c600000, 0x000000070c800000|  0%| F|  |TAMS 0x000000070c600000| PB 0x000000070c600000| Untracked 
|  92|0x000000070c800000, 0x000000070c800000, 0x000000070ca00000|  0%| F|  |TAMS 0x000000070c800000| PB 0x000000070c800000| Untracked 
|  93|0x000000070ca00000, 0x000000070ca00000, 0x000000070cc00000|  0%| F|  |TAMS 0x000000070ca00000| PB 0x000000070ca00000| Untracked 
|  94|0x000000070cc00000, 0x000000070cc00000, 0x000000070ce00000|  0%| F|  |TAMS 0x000000070cc00000| PB 0x000000070cc00000| Untracked 
|  95|0x000000070ce00000, 0x000000070ce00000, 0x000000070d000000|  0%| F|  |TAMS 0x000000070ce00000| PB 0x000000070ce00000| Untracked 
|  96|0x000000070d000000, 0x000000070d000000, 0x000000070d200000|  0%| F|  |TAMS 0x000000070d000000| PB 0x000000070d000000| Untracked 
|  97|0x000000070d200000, 0x000000070d200000, 0x000000070d400000|  0%| F|  |TAMS 0x000000070d200000| PB 0x000000070d200000| Untracked 
|  98|0x000000070d400000, 0x000000070d400000, 0x000000070d600000|  0%| F|  |TAMS 0x000000070d400000| PB 0x000000070d400000| Untracked 
|  99|0x000000070d600000, 0x000000070d600000, 0x000000070d800000|  0%| F|  |TAMS 0x000000070d600000| PB 0x000000070d600000| Untracked 
| 100|0x000000070d800000, 0x000000070d800000, 0x000000070da00000|  0%| F|  |TAMS 0x000000070d800000| PB 0x000000070d800000| Untracked 
| 101|0x000000070da00000, 0x000000070da00000, 0x000000070dc00000|  0%| F|  |TAMS 0x000000070da00000| PB 0x000000070da00000| Untracked 
| 102|0x000000070dc00000, 0x000000070dc00000, 0x000000070de00000|  0%| F|  |TAMS 0x000000070dc00000| PB 0x000000070dc00000| Untracked 
| 103|0x000000070de00000, 0x000000070e000000, 0x000000070e000000|100%| E|  |TAMS 0x000000070de00000| PB 0x000000070de00000| Complete 
| 104|0x000000070e000000, 0x000000070e200000, 0x000000070e200000|100%| E|CS|TAMS 0x000000070e000000| PB 0x000000070e000000| Complete 
| 105|0x000000070e200000, 0x000000070e400000, 0x000000070e400000|100%| E|CS|TAMS 0x000000070e200000| PB 0x000000070e200000| Complete 
| 106|0x000000070e400000, 0x000000070e600000, 0x000000070e600000|100%| E|CS|TAMS 0x000000070e400000| PB 0x000000070e400000| Complete 
| 107|0x000000070e600000, 0x000000070e800000, 0x000000070e800000|100%| E|CS|TAMS 0x000000070e600000| PB 0x000000070e600000| Complete 
| 108|0x000000070e800000, 0x000000070ea00000, 0x000000070ea00000|100%| E|CS|TAMS 0x000000070e800000| PB 0x000000070e800000| Complete 
| 109|0x000000070ea00000, 0x000000070ec00000, 0x000000070ec00000|100%| E|CS|TAMS 0x000000070ea00000| PB 0x000000070ea00000| Complete 
| 110|0x000000070ec00000, 0x000000070ee00000, 0x000000070ee00000|100%| E|CS|TAMS 0x000000070ec00000| PB 0x000000070ec00000| Complete 
| 111|0x000000070ee00000, 0x000000070f000000, 0x000000070f000000|100%| E|CS|TAMS 0x000000070ee00000| PB 0x000000070ee00000| Complete 
| 112|0x000000070f000000, 0x000000070f200000, 0x000000070f200000|100%| E|CS|TAMS 0x000000070f000000| PB 0x000000070f000000| Complete 
| 113|0x000000070f200000, 0x000000070f400000, 0x000000070f400000|100%| E|CS|TAMS 0x000000070f200000| PB 0x000000070f200000| Complete 
| 114|0x000000070f400000, 0x000000070f600000, 0x000000070f600000|100%| E|CS|TAMS 0x000000070f400000| PB 0x000000070f400000| Complete 
| 115|0x000000070f600000, 0x000000070f800000, 0x000000070f800000|100%| E|CS|TAMS 0x000000070f600000| PB 0x000000070f600000| Complete 
| 116|0x000000070f800000, 0x000000070fa00000, 0x000000070fa00000|100%| E|CS|TAMS 0x000000070f800000| PB 0x000000070f800000| Complete 
| 117|0x000000070fa00000, 0x000000070fc00000, 0x000000070fc00000|100%| E|CS|TAMS 0x000000070fa00000| PB 0x000000070fa00000| Complete 
| 118|0x000000070fc00000, 0x000000070fdf54f0, 0x000000070fe00000| 97%| S|CS|TAMS 0x000000070fc00000| PB 0x000000070fc00000| Complete 
| 119|0x000000070fe00000, 0x0000000710000000, 0x0000000710000000|100%| E|CS|TAMS 0x000000070fe00000| PB 0x000000070fe00000| Complete 
| 120|0x0000000710000000, 0x0000000710200000, 0x0000000710200000|100%| E|CS|TAMS 0x0000000710000000| PB 0x0000000710000000| Complete 
| 121|0x0000000710200000, 0x0000000710400000, 0x0000000710400000|100%| E|CS|TAMS 0x0000000710200000| PB 0x0000000710200000| Complete 
| 122|0x0000000710400000, 0x0000000710600000, 0x0000000710600000|100%| E|CS|TAMS 0x0000000710400000| PB 0x0000000710400000| Complete 
| 123|0x0000000710600000, 0x0000000710800000, 0x0000000710800000|100%| E|CS|TAMS 0x0000000710600000| PB 0x0000000710600000| Complete 
| 124|0x0000000710800000, 0x0000000710a00000, 0x0000000710a00000|100%| E|CS|TAMS 0x0000000710800000| PB 0x0000000710800000| Complete 
| 125|0x0000000710a00000, 0x0000000710c00000, 0x0000000710c00000|100%| E|CS|TAMS 0x0000000710a00000| PB 0x0000000710a00000| Complete 
| 126|0x0000000710c00000, 0x0000000710e00000, 0x0000000710e00000|100%| E|CS|TAMS 0x0000000710c00000| PB 0x0000000710c00000| Complete 
| 127|0x0000000710e00000, 0x0000000711000000, 0x0000000711000000|100%| E|  |TAMS 0x0000000710e00000| PB 0x0000000710e00000| Complete 

Card table byte_map: [0x0000016a7f400000,0x0000016a7fc00000] _byte_map_base: 0x0000016a7bbf8000

Marking Bits: (CMBitMap*) 0x0000016a749e22a0
 Bits: [0x0000016a0f000000, 0x0000016a12fc0000)

Polling page: 0x0000016a74720000

Metaspace:

Usage:
  Non-class:      8.17 MB used.
      Class:    915.10 KB used.
       Both:      9.07 MB used.

Virtual space:
  Non-class space:       64.00 MB reserved,       8.25 MB ( 13%) committed,  1 nodes.
      Class space:        1.00 GB reserved,       1.00 MB ( <1%) committed,  1 nodes.
             Both:        1.06 GB reserved,       9.25 MB ( <1%) committed. 

Chunk freelists:
   Non-Class:  7.00 MB
       Class:  15.03 MB
        Both:  22.03 MB

MaxMetaspaceSize: unlimited
CompressedClassSpaceSize: 1.00 GB
Initial GC threshold: 21.00 MB
Current GC threshold: 21.00 MB
CDS: on
 - commit_granule_bytes: 65536.
 - commit_granule_words: 8192.
 - virtual_space_node_default_size: 8388608.
 - enlarge_chunks_in_place: 1.
 - use_allocation_guard: 0.


Internal statistics:

num_allocs_failed_limit: 0.
num_arena_births: 170.
num_arena_deaths: 0.
num_vsnodes_births: 2.
num_vsnodes_deaths: 0.
num_space_committed: 148.
num_space_uncommitted: 0.
num_chunks_returned_to_freelist: 0.
num_chunks_taken_from_freelist: 233.
num_chunk_merges: 0.
num_chunk_splits: 129.
num_chunks_enlarged: 48.
num_inconsistent_stats: 0.

CodeHeap 'non-profiled nmethods': size=120000Kb used=967Kb max_used=967Kb free=119032Kb
 bounds [0x0000016a07ad0000, 0x0000016a07d40000, 0x0000016a0f000000]
CodeHeap 'profiled nmethods': size=120000Kb used=3563Kb max_used=3563Kb free=116436Kb
 bounds [0x0000016a00000000, 0x0000016a00380000, 0x0000016a07530000]
CodeHeap 'non-nmethods': size=5760Kb used=1565Kb max_used=1707Kb free=4194Kb
 bounds [0x0000016a07530000, 0x0000016a077a0000, 0x0000016a07ad0000]
 total_blobs=2614 nmethods=1984 adapters=535
 compilation: enabled
              stopped_count=0, restarted_count=0
 full_count=0

Compilation events (20 events):
Event: 36.433 Thread 0x0000016a1528fd40 nmethod 1975 0x0000016a07bc0910 code [0x0000016a07bc0aa0, 0x0000016a07bc0c98]
Event: 37.045 Thread 0x0000016a1528fd40 1976       4       java.awt.geom.AffineTransform::translate (547 bytes)
Event: 37.046 Thread 0x0000016a1528fd40 nmethod 1976 0x0000016a07bc0d90 code [0x0000016a07bc0f40, 0x0000016a07bc1078]
Event: 37.068 Thread 0x0000016a15292660 1978       3       java.awt.KeyboardFocusManager::checkKFMSecurity (11 bytes)
Event: 37.068 Thread 0x0000016a15292660 nmethod 1978 0x0000016a00378a90 code [0x0000016a00378c80, 0x0000016a00378fc8]
Event: 37.068 Thread 0x0000016a15292660 1977   !   3       java.awt.KeyboardFocusManager::getGlobalFocusOwner (20 bytes)
Event: 37.068 Thread 0x0000016a15292660 nmethod 1977 0x0000016a00379110 code [0x0000016a00379300, 0x0000016a003796a8]
Event: 37.115 Thread 0x0000016a1528fd40 1979       4       sun.awt.image.SunVolatileImage::getWidth (5 bytes)
Event: 37.116 Thread 0x0000016a1528fd40 nmethod 1979 0x0000016a07bc1110 code [0x0000016a07bc12a0, 0x0000016a07bc1328]
Event: 37.435 Thread 0x0000016a1528fd40 1980       4       java.awt.EventQueue::eventToCacheIndex (80 bytes)
Event: 37.436 Thread 0x0000016a1528fd40 nmethod 1980 0x0000016a07bc1410 code [0x0000016a07bc15a0, 0x0000016a07bc16d8]
Event: 37.500 Thread 0x0000016a1528fd40 1981       4       sun.java2d.pipe.DrawImage::isBgOperation (22 bytes)
Event: 37.501 Thread 0x0000016a1528fd40 nmethod 1981 0x0000016a07bc1810 code [0x0000016a07bc19a0, 0x0000016a07bc1a50]
Event: 37.543 Thread 0x0000016a1528fd40 1982       4       sun.java2d.d3d.D3DSurfaceData::getContext (8 bytes)
Event: 37.543 Thread 0x0000016a1528fd40 nmethod 1982 0x0000016a07bc1b10 code [0x0000016a07bc1ca0, 0x0000016a07bc1d50]
Event: 37.853 Thread 0x0000016a15292660 1983       3       java.awt.Component::canBeFocusOwner (32 bytes)
Event: 37.853 Thread 0x0000016a15292660 nmethod 1983 0x0000016a00379890 code [0x0000016a00379a60, 0x0000016a0037a1a0]
Event: 37.853 Thread 0x0000016a15292660 1986   !   3       java.awt.AWTEvent::setSource (88 bytes)
Event: 37.854 Thread 0x0000016a15292660 nmethod 1986 0x0000016a0037a310 code [0x0000016a0037a500, 0x0000016a0037acb0]
Event: 37.854 Thread 0x0000016a15292660 1987   !   3       java.awt.DefaultKeyboardFocusManager::typeAheadAssertions (356 bytes)

GC Heap History (4 events):
Event: 0.259 GC heap before
{Heap before GC invocations=0 (full 0):
 garbage-first heap   total 262144K, used 36864K [0x0000000701000000, 0x0000000800000000)
  region size 2048K, 6 young (12288K), 0 survivors (0K)
 Metaspace       used 3128K, committed 3264K, reserved 1114112K
  class space    used 291K, committed 384K, reserved 1048576K
}
Event: 0.264 GC heap after
{Heap after GC invocations=1 (full 0):
 garbage-first heap   total 262144K, used 28618K [0x0000000701000000, 0x0000000800000000)
  region size 2048K, 1 young (2048K), 1 survivors (2048K)
 Metaspace       used 3128K, committed 3264K, reserved 1114112K
  class space    used 291K, committed 384K, reserved 1048576K
}
Event: 0.309 GC heap before
{Heap before GC invocations=1 (full 0):
 garbage-first heap   total 262144K, used 42954K [0x0000000701000000, 0x0000000800000000)
  region size 2048K, 9 young (18432K), 1 survivors (2048K)
 Metaspace       used 3132K, committed 3328K, reserved 1114112K
  class space    used 291K, committed 384K, reserved 1048576K
}
Event: 0.311 GC heap after
{Heap after GC invocations=2 (full 0):
 garbage-first heap   total 262144K, used 28629K [0x0000000701000000, 0x0000000800000000)
  region size 2048K, 1 young (2048K), 1 survivors (2048K)
 Metaspace       used 3132K, committed 3328K, reserved 1114112K
  class space    used 291K, committed 384K, reserved 1048576K
}

Dll operation events (13 events):
Event: 0.009 Loaded shared library C:\Users\maxim\.jdks\openjdk-21.0.2\bin\java.dll
Event: 0.048 Loaded shared library C:\Users\maxim\.jdks\openjdk-21.0.2\bin\jsvml.dll
Event: 0.081 Loaded shared library C:\Users\maxim\.jdks\openjdk-21.0.2\bin\zip.dll
Event: 0.084 Loaded shared library C:\Users\maxim\.jdks\openjdk-21.0.2\bin\instrument.dll
Event: 0.088 Loaded shared library C:\Users\maxim\.jdks\openjdk-21.0.2\bin\net.dll
Event: 0.090 Loaded shared library C:\Users\maxim\.jdks\openjdk-21.0.2\bin\nio.dll
Event: 0.092 Loaded shared library C:\Users\maxim\.jdks\openjdk-21.0.2\bin\zip.dll
Event: 0.108 Loaded shared library C:\Program Files\JetBrains\IntelliJ IDEA 2023.3.2\bin\breakgen64.dll
Event: 0.113 Loaded shared library C:\Users\maxim\.jdks\openjdk-21.0.2\bin\jimage.dll
Event: 0.114 Loaded shared library C:\Users\maxim\.jdks\openjdk-21.0.2\bin\extnet.dll
Event: 0.129 Loaded shared library C:\Users\maxim\.jdks\openjdk-21.0.2\bin\awt.dll
Event: 0.614 Loaded shared library C:\Users\maxim\.jdks\openjdk-21.0.2\bin\freetype.dll
Event: 0.615 Loaded shared library C:\Users\maxim\.jdks\openjdk-21.0.2\bin\fontmanager.dll

Deoptimization events (20 events):
Event: 2.659 Thread 0x0000016a5b521f20 Uncommon trap: trap_request=0xffffffde fr.pc=0x0000016a07b30638 relative=0x0000000000000338
Event: 2.659 Thread 0x0000016a5b521f20 Uncommon trap: reason=class_check action=maybe_recompile pc=0x0000016a07b30638 method=java.util.HashMap.getNode(Ljava/lang/Object;)Ljava/util/HashMap$Node; @ 128 c2
Event: 2.659 Thread 0x0000016a5b521f20 DEOPT PACKING pc=0x0000016a07b30638 sp=0x000000395e7fe7a0
Event: 2.659 Thread 0x0000016a5b521f20 DEOPT UNPACKING pc=0x0000016a075846a2 sp=0x000000395e7fe708 mode 2
Event: 2.826 Thread 0x0000016a5b060e60 Uncommon trap: trap_request=0xffffff45 fr.pc=0x0000016a07b01614 relative=0x0000000000000eb4
Event: 2.826 Thread 0x0000016a5b060e60 Uncommon trap: reason=unstable_if action=reinterpret pc=0x0000016a07b01614 method=java.io.BufferedInputStream.getBufIfOpen(Z)[B @ 13 c2
Event: 2.826 Thread 0x0000016a5b060e60 DEOPT PACKING pc=0x0000016a07b01614 sp=0x000000395e8fe850
Event: 2.826 Thread 0x0000016a5b060e60 DEOPT UNPACKING pc=0x0000016a075846a2 sp=0x000000395e8fe6f0 mode 2
Event: 3.206 Thread 0x0000016a5b521f20 DEOPT PACKING pc=0x0000016a0017ae0a sp=0x000000395e7fe980
Event: 3.206 Thread 0x0000016a5b521f20 DEOPT UNPACKING pc=0x0000016a07584e42 sp=0x000000395e7fddf0 mode 0
Event: 11.581 Thread 0x0000016a5b521f20 DEOPT PACKING pc=0x0000016a001b9726 sp=0x000000395e7ff020
Event: 11.581 Thread 0x0000016a5b521f20 DEOPT UNPACKING pc=0x0000016a07584e42 sp=0x000000395e7fe4b0 mode 0
Event: 31.651 Thread 0x0000016a5b521f20 Uncommon trap: trap_request=0xffffff45 fr.pc=0x0000016a07baebf0 relative=0x0000000000001690
Event: 31.651 Thread 0x0000016a5b521f20 Uncommon trap: reason=unstable_if action=reinterpret pc=0x0000016a07baebf0 method=sun.java2d.pipe.BufferedContext.validate(Lsun/java2d/pipe/hw/AccelSurface;Lsun/java2d/pipe/hw/AccelSurface;Lsun/java2d/pipe/Region;Ljava/awt/Composite;Ljava/awt/geom/AffineT
Event: 31.651 Thread 0x0000016a5b521f20 DEOPT PACKING pc=0x0000016a07baebf0 sp=0x000000395e7fdc20
Event: 31.651 Thread 0x0000016a5b521f20 DEOPT UNPACKING pc=0x0000016a075846a2 sp=0x000000395e7fdbb8 mode 2
Event: 31.651 Thread 0x0000016a5b521f20 Uncommon trap: trap_request=0xffffff45 fr.pc=0x0000016a07bad11c relative=0x000000000000007c
Event: 31.651 Thread 0x0000016a5b521f20 Uncommon trap: reason=unstable_if action=reinterpret pc=0x0000016a07bad11c method=sun.java2d.d3d.D3DBlitLoops.createPackedParams(ZZZZII)I @ 12 c2
Event: 31.651 Thread 0x0000016a5b521f20 DEOPT PACKING pc=0x0000016a07bad11c sp=0x000000395e7fdd00
Event: 31.651 Thread 0x0000016a5b521f20 DEOPT UNPACKING pc=0x0000016a075846a2 sp=0x000000395e7fdc68 mode 2

Classes loaded (20 events):
Event: 1.766 Loading class java/awt/image/RasterFormatException
Event: 1.766 Loading class java/awt/image/RasterFormatException done
Event: 1.766 Loading class java/lang/InterruptedException
Event: 1.766 Loading class java/lang/InterruptedException done
Event: 1.766 Loading class java/lang/Throwable$WrappedPrintStream
Event: 1.766 Loading class java/lang/Throwable$PrintStreamOrWriter
Event: 1.766 Loading class java/lang/Throwable$PrintStreamOrWriter done
Event: 1.766 Loading class java/lang/Throwable$WrappedPrintStream done
Event: 1.766 Loading class java/lang/StackTraceElement$HashedModules
Event: 1.766 Loading class java/lang/StackTraceElement$HashedModules done
Event: 11.323 Loading class java/lang/foreign/MemorySegment
Event: 11.323 Loading class java/lang/foreign/MemorySegment done
Event: 31.615 Loading class sun/java2d/SurfaceDataProxy$CountdownTracker
Event: 31.617 Loading class sun/java2d/SurfaceDataProxy$CountdownTracker done
Event: 33.067 Loading class java/awt/image/BufferedImageOp
Event: 33.069 Loading class java/awt/image/BufferedImageOp done
Event: 37.068 Loading class java/awt/event/MouseWheelEvent
Event: 37.069 Loading class java/awt/event/MouseWheelEvent done
Event: 37.069 Loading class java/awt/LightweightDispatcher$2
Event: 37.070 Loading class java/awt/LightweightDispatcher$2 done

Classes unloaded (0 events):
No events

Classes redefined (0 events):
No events

Internal exceptions (17 events):
Event: 0.101 Thread 0x0000016a747a2410 Exception <a 'java/lang/NoSuchMethodError'{0x0000000710cc5710}: 'void java.lang.invoke.DirectMethodHandle$Holder.invokeStatic(java.lang.Object, java.lang.Object, java.lang.Object)'> (0x0000000710cc5710) 
thrown [s\open\src\hotspot\share\interpreter\linkResolver.cpp, line 773]
Event: 0.105 Thread 0x0000016a747a2410 Exception <a 'java/lang/NoSuchMethodError'{0x0000000710cdcc18}: 'java.lang.Object java.lang.invoke.Invokers$Holder.invokeExact_MT(java.lang.Object, java.lang.Object, java.lang.Object, java.lang.Object, java.lang.Object)'> (0x0000000710cdcc18) 
thrown [s\open\src\hotspot\share\interpreter\linkResolver.cpp, line 773]
Event: 0.116 Thread 0x0000016a156a7c50 Exception <a 'java/lang/NoSuchMethodError'{0x0000000710d04ea0}: 'void java.lang.invoke.DirectMethodHandle$Holder.invokeStatic(java.lang.Object, java.lang.Object)'> (0x0000000710d04ea0) 
thrown [s\open\src\hotspot\share\interpreter\linkResolver.cpp, line 773]
Event: 0.122 Thread 0x0000016a747a2410 Exception <a 'java/lang/ClassNotFoundException'{0x0000000710d3eef0}: sun/awt/resources/spi/awtProvider> (0x0000000710d3eef0) 
thrown [s\open\src\hotspot\share\classfile\systemDictionary.cpp, line 312]
Event: 0.136 Thread 0x0000016a747a2410 Exception <a 'java/io/FileNotFoundException'{0x0000000710d908c0}> (0x0000000710d908c0) 
thrown [s\open\src\hotspot\share\prims\jni.cpp, line 520]
Event: 0.141 Thread 0x0000016a747a2410 Exception <a 'java/io/FileNotFoundException'{0x0000000710dba7c8}> (0x0000000710dba7c8) 
thrown [s\open\src\hotspot\share\prims\jni.cpp, line 520]
Event: 0.176 Thread 0x0000016a747a2410 Exception <a 'java/lang/NoSuchMethodError'{0x0000000710a34160}: 'java.lang.Object java.lang.invoke.DirectMethodHandle$Holder.invokeStaticInit(java.lang.Object, int, int, int, int)'> (0x0000000710a34160) 
thrown [s\open\src\hotspot\share\interpreter\linkResolver.cpp, line 773]
Event: 0.193 Thread 0x0000016a747a2410 Exception <a 'java/lang/NoSuchMethodError'{0x0000000710aedd60}: 'java.lang.Object java.lang.invoke.DirectMethodHandle$Holder.invokeStaticInit(java.lang.Object, java.lang.Object, int, int, int, int)'> (0x0000000710aedd60) 
thrown [s\open\src\hotspot\share\interpreter\linkResolver.cpp, line 773]
Event: 0.369 Thread 0x0000016a747a2410 Exception <a 'java/lang/NoSuchMethodError'{0x0000000710ce3ba8}: 'void java.lang.invoke.DirectMethodHandle$Holder.invokeSpecial(java.lang.Object, java.lang.Object, java.lang.Object)'> (0x0000000710ce3ba8) 
thrown [s\open\src\hotspot\share\interpreter\linkResolver.cpp, line 773]
Event: 0.376 Thread 0x0000016a747a2410 Exception <a 'java/lang/NoSuchMethodError'{0x0000000710a09760}: 'java.lang.Object java.lang.invoke.DirectMethodHandle$Holder.newInvokeSpecial(java.lang.Object, java.lang.Object, java.lang.Object, java.lang.Object, java.lang.Object)'> (0x0000000710a09760) 
thrown [s\open\src\hotspot\share\interpreter\linkResolver.cpp, line 773]
Event: 0.383 Thread 0x0000016a747a2410 Exception <a 'java/lang/NoSuchMethodError'{0x0000000710a350b8}: 'java.lang.Object java.lang.invoke.DirectMethodHandle$Holder.invokeStatic(java.lang.Object, int, java.lang.Object)'> (0x0000000710a350b8) 
thrown [s\open\src\hotspot\share\interpreter\linkResolver.cpp, line 773]
Event: 0.406 Thread 0x0000016a747a2410 Exception <a 'java/lang/ClassNotFoundException'{0x0000000710ad6f30}: com/sun/swing/internal/plaf/metal/resources/spi/metalProvider> (0x0000000710ad6f30) 
thrown [s\open\src\hotspot\share\classfile\systemDictionary.cpp, line 312]
Event: 0.407 Thread 0x0000016a747a2410 Exception <a 'java/lang/ClassNotFoundException'{0x0000000710adac10}: com/sun/swing/internal/plaf/basic/resources/spi/basicProvider> (0x0000000710adac10) 
thrown [s\open\src\hotspot\share\classfile\systemDictionary.cpp, line 312]
Event: 0.591 Thread 0x0000016a747a2410 Exception <a 'java/lang/NoSuchMethodError'{0x0000000710b079d0}: 'int java.lang.invoke.Invokers$Holder.invokeExact_MT(java.lang.Object, java.lang.Object)'> (0x0000000710b079d0) 
thrown [s\open\src\hotspot\share\interpreter\linkResolver.cpp, line 773]
Event: 0.597 Thread 0x0000016a1581d870 Exception <a 'java/lang/NoSuchMethodError'{0x0000000710cf6890}: 'void java.lang.invoke.DirectMethodHandle$Holder.invokeVirtual(java.lang.Object, java.lang.Object)'> (0x0000000710cf6890) 
thrown [s\open\src\hotspot\share\interpreter\linkResolver.cpp, line 773]
Event: 0.610 Thread 0x0000016a747a2410 Exception <a 'java/lang/NoSuchMethodError'{0x0000000710b2c398}: 'void java.lang.invoke.DirectMethodHandle$Holder.invokeStaticInit(java.lang.Object)'> (0x0000000710b2c398) 
thrown [s\open\src\hotspot\share\interpreter\linkResolver.cpp, line 773]
Event: 1.092 Thread 0x0000016a15280370 Exception <a 'java/lang/NoSuchMethodError'{0x00000007107fa588}: 'java.lang.Object java.lang.invoke.Invokers$Holder.invokeExact_MT(java.lang.Object, java.lang.Object, java.lang.Object, java.lang.Object, java.lang.Object, java.lang.Object)'> (0x00000007107fa588) 
thrown [s\open\src\hotspot\share\interpreter\linkResolver.cpp, line 773]

ZGC Phase Switch (0 events):
No events

VM Operations (20 events):
Event: 20.232 Executing VM operation: Cleanup
Event: 20.232 Executing VM operation: Cleanup done
Event: 21.233 Executing VM operation: Cleanup
Event: 21.233 Executing VM operation: Cleanup done
Event: 22.234 Executing VM operation: Cleanup
Event: 22.234 Executing VM operation: Cleanup done
Event: 23.241 Executing VM operation: Cleanup
Event: 23.241 Executing VM operation: Cleanup done
Event: 26.258 Executing VM operation: Cleanup
Event: 26.258 Executing VM operation: Cleanup done
Event: 30.286 Executing VM operation: Cleanup
Event: 30.286 Executing VM operation: Cleanup done
Event: 32.296 Executing VM operation: Cleanup
Event: 32.297 Executing VM operation: Cleanup done
Event: 33.300 Executing VM operation: Cleanup
Event: 33.300 Executing VM operation: Cleanup done
Event: 36.322 Executing VM operation: Cleanup
Event: 36.322 Executing VM operation: Cleanup done
Event: 37.332 Executing VM operation: Cleanup
Event: 37.332 Executing VM operation: Cleanup done

Events (20 events):
Event: 0.046 Thread 0x0000016a1527d2c0 Thread added: 0x0000016a1527d2c0
Event: 0.046 Thread 0x0000016a1527f480 Thread added: 0x0000016a1527f480
Event: 0.046 Thread 0x0000016a15280370 Thread added: 0x0000016a15280370
Event: 0.046 Thread 0x0000016a15280dd0 Thread added: 0x0000016a15280dd0
Event: 0.046 Thread 0x0000016a15281960 Thread added: 0x0000016a15281960
Event: 0.046 Thread 0x0000016a1528fd40 Thread added: 0x0000016a1528fd40
Event: 0.046 Thread 0x0000016a15292660 Thread added: 0x0000016a15292660
Event: 0.066 Thread 0x0000016a1524ee20 Thread added: 0x0000016a1524ee20
Event: 0.108 Thread 0x0000016a156a7c50 Thread added: 0x0000016a156a7c50
Event: 0.108 Thread 0x0000016a156a82c0 Thread added: 0x0000016a156a82c0
Event: 0.200 Thread 0x0000016a157d1b00 Thread added: 0x0000016a157d1b00
Event: 0.351 Thread 0x0000016a5b0094a0 Thread added: 0x0000016a5b0094a0
Event: 0.352 Thread 0x0000016a1581d870 Thread added: 0x0000016a1581d870
Event: 0.599 Thread 0x0000016a5b521f20 Thread added: 0x0000016a5b521f20
Event: 0.656 Thread 0x0000016a5b060e60 Thread added: 0x0000016a5b060e60
Event: 0.656 Thread 0x0000016a747a2410 Thread exited: 0x0000016a747a2410
Event: 0.656 Thread 0x0000016a747a2410 Thread added: 0x0000016a747a2410
Event: 0.657 Thread 0x0000016a156a53c0 Thread added: 0x0000016a156a53c0
Event: 1.085 Thread 0x0000016a5b789cc0 Thread added: 0x0000016a5b789cc0
Event: 1.234 Thread 0x0000016a5b789cc0 Thread exited: 0x0000016a5b789cc0


Dynamic libraries:
0x00007ff64abf0000 - 0x00007ff64abfe000 	C:\Users\maxim\.jdks\openjdk-21.0.2\bin\java.exe
0x00007ffacf1f0000 - 0x00007ffacf407000 	C:\Windows\SYSTEM32\ntdll.dll
0x00007ffaa2c20000 - 0x00007ffaa2c39000 	C:\Program Files\Avast Software\Avast\aswhook.dll
0x00007ffacdd70000 - 0x00007ffacde34000 	C:\Windows\System32\KERNEL32.DLL
0x00007ffacc670000 - 0x00007ffacca16000 	C:\Windows\System32\KERNELBASE.dll
0x00007ffacce20000 - 0x00007ffaccf31000 	C:\Windows\System32\ucrtbase.dll
0x00007ffabda30000 - 0x00007ffabda4b000 	C:\Users\maxim\.jdks\openjdk-21.0.2\bin\VCRUNTIME140.dll
0x00007ffac7c30000 - 0x00007ffac7c48000 	C:\Users\maxim\.jdks\openjdk-21.0.2\bin\jli.dll
0x00007ffacd500000 - 0x00007ffacd6ae000 	C:\Windows\System32\USER32.dll
0x00007ffacc640000 - 0x00007ffacc666000 	C:\Windows\System32\win32u.dll
0x00007ffab25a0000 - 0x00007ffab2833000 	C:\Windows\WinSxS\amd64_microsoft.windows.common-controls_6595b64144ccf1df_6.0.22621.2506_none_270c5ae97388e100\COMCTL32.dll
0x00007ffacef90000 - 0x00007ffacefb9000 	C:\Windows\System32\GDI32.dll
0x00007ffacefc0000 - 0x00007ffacf067000 	C:\Windows\System32\msvcrt.dll
0x00007ffacca20000 - 0x00007ffaccb38000 	C:\Windows\System32\gdi32full.dll
0x00007ffacc530000 - 0x00007ffacc5ca000 	C:\Windows\System32\msvcp_win.dll
0x00007ffacf070000 - 0x00007ffacf0a1000 	C:\Windows\System32\IMM32.DLL
0x00007ffac9790000 - 0x00007ffac979c000 	C:\Users\maxim\.jdks\openjdk-21.0.2\bin\vcruntime140_1.dll
0x00007ffabbf30000 - 0x00007ffabbfbe000 	C:\Users\maxim\.jdks\openjdk-21.0.2\bin\msvcp140.dll
0x00007ffa83520000 - 0x00007ffa84237000 	C:\Users\maxim\.jdks\openjdk-21.0.2\bin\server\jvm.dll
0x00007ffaccf40000 - 0x00007ffaccff3000 	C:\Windows\System32\ADVAPI32.dll
0x00007ffacdfa0000 - 0x00007fface048000 	C:\Windows\System32\sechost.dll
0x00007ffaccb40000 - 0x00007ffaccb68000 	C:\Windows\System32\bcrypt.dll
0x00007ffacdc30000 - 0x00007ffacdd47000 	C:\Windows\System32\RPCRT4.dll
0x00007ffacef10000 - 0x00007ffacef81000 	C:\Windows\System32\WS2_32.dll
0x00007ffacbd60000 - 0x00007ffacbdad000 	C:\Windows\SYSTEM32\POWRPROF.dll
0x00007ffac3060000 - 0x00007ffac3094000 	C:\Windows\SYSTEM32\WINMM.dll
0x00007ffac4d90000 - 0x00007ffac4d9a000 	C:\Windows\SYSTEM32\VERSION.dll
0x00007ffacbd20000 - 0x00007ffacbd33000 	C:\Windows\SYSTEM32\UMPDC.dll
0x00007ffacb570000 - 0x00007ffacb588000 	C:\Windows\SYSTEM32\kernel.appcore.dll
0x00007ffac7c10000 - 0x00007ffac7c1a000 	C:\Users\maxim\.jdks\openjdk-21.0.2\bin\jimage.dll
0x00007ffac17b0000 - 0x00007ffac19e3000 	C:\Windows\SYSTEM32\DBGHELP.DLL
0x00007ffacd000000 - 0x00007ffacd389000 	C:\Windows\System32\combase.dll
0x00007fface0b0000 - 0x00007fface187000 	C:\Windows\System32\OLEAUT32.dll
0x00007ffabc300000 - 0x00007ffabc332000 	C:\Windows\SYSTEM32\dbgcore.DLL
0x00007ffaccc30000 - 0x00007ffacccaa000 	C:\Windows\System32\bcryptPrimitives.dll
0x00007ffabd910000 - 0x00007ffabd91f000 	C:\Users\maxim\.jdks\openjdk-21.0.2\bin\instrument.dll
0x00007ffabd0a0000 - 0x00007ffabd0bf000 	C:\Users\maxim\.jdks\openjdk-21.0.2\bin\java.dll
0x00007fface1b0000 - 0x00007ffacea0b000 	C:\Windows\System32\SHELL32.dll
0x00007ffaca490000 - 0x00007ffacad86000 	C:\Windows\SYSTEM32\windows.storage.dll
0x00007ffaca350000 - 0x00007ffaca48e000 	C:\Windows\SYSTEM32\wintypes.dll
0x00007ffacd390000 - 0x00007ffacd483000 	C:\Windows\System32\SHCORE.dll
0x00007ffacda40000 - 0x00007ffacda9e000 	C:\Windows\System32\shlwapi.dll
0x00007ffacc460000 - 0x00007ffacc486000 	C:\Windows\SYSTEM32\profapi.dll
0x00007ffabbe50000 - 0x00007ffabbf27000 	C:\Users\maxim\.jdks\openjdk-21.0.2\bin\jsvml.dll
0x00007ffabd080000 - 0x00007ffabd098000 	C:\Users\maxim\.jdks\openjdk-21.0.2\bin\zip.dll
0x00007ffabd070000 - 0x00007ffabd080000 	C:\Users\maxim\.jdks\openjdk-21.0.2\bin\net.dll
0x00007ffac6f10000 - 0x00007ffac7047000 	C:\Windows\SYSTEM32\WINHTTP.dll
0x00007ffacba60000 - 0x00007ffacbac9000 	C:\Windows\system32\mswsock.dll
0x00007ffabcb90000 - 0x00007ffabcba6000 	C:\Users\maxim\.jdks\openjdk-21.0.2\bin\nio.dll
0x00007ffabc3a0000 - 0x00007ffabc3ba000 	C:\Program Files\JetBrains\IntelliJ IDEA 2023.3.2\bin\breakgen64.dll
0x00007ffabd060000 - 0x00007ffabd069000 	C:\Users\maxim\.jdks\openjdk-21.0.2\bin\extnet.dll
0x00007ffa7bad0000 - 0x00007ffa7bc5e000 	C:\Users\maxim\.jdks\openjdk-21.0.2\bin\awt.dll
0x00007ffac98e0000 - 0x00007ffac9977000 	C:\Windows\SYSTEM32\apphelp.dll
0x00007ffacbcc0000 - 0x00007ffacbcdb000 	C:\Windows\SYSTEM32\CRYPTSP.dll
0x00007ffacb4d0000 - 0x00007ffacb505000 	C:\Windows\system32\rsaenh.dll
0x00007ffacbb50000 - 0x00007ffacbb7c000 	C:\Windows\SYSTEM32\USERENV.dll
0x00007ffacbce0000 - 0x00007ffacbcec000 	C:\Windows\SYSTEM32\CRYPTBASE.dll
0x00007ffacaff0000 - 0x00007ffacb01d000 	C:\Windows\SYSTEM32\IPHLPAPI.DLL
0x00007ffacdd60000 - 0x00007ffacdd69000 	C:\Windows\System32\NSI.dll
0x00007ffac9a20000 - 0x00007ffac9acb000 	C:\Windows\system32\uxtheme.dll
0x00007ffacde40000 - 0x00007ffacdf91000 	C:\Windows\System32\MSCTF.dll
0x00007ffacd6b0000 - 0x00007ffacd850000 	C:\Windows\System32\ole32.dll
0x00007ffac9d00000 - 0x00007ffac9d2b000 	C:\Windows\system32\DWMAPI.DLL
0x00007ffa656d0000 - 0x00007ffa657d0000 	C:\Windows\system32\opengl32.dll
0x00007ffa656a0000 - 0x00007ffa656cd000 	C:\Windows\SYSTEM32\GLU32.dll
0x00007ffac9b90000 - 0x00007ffac9bc9000 	C:\Windows\SYSTEM32\dxcore.dll
0x00007ffa93080000 - 0x00007ffa93229000 	C:\Windows\system32\d3d9.dll
0x00007ffac4220000 - 0x00007ffac42dc000 	C:\Windows\System32\DriverStore\FileRepository\nv_dispig.inf_amd64_866484083fc526af\nvldumdx.dll
0x00007ffacbd40000 - 0x00007ffacbd52000 	C:\Windows\SYSTEM32\msasn1.dll
0x00007ffac4d50000 - 0x00007ffac4d82000 	C:\Windows\SYSTEM32\cryptnet.dll
0x00007ffacccb0000 - 0x00007ffacce16000 	C:\Windows\System32\CRYPT32.dll
0x00007ffac4bf0000 - 0x00007ffac4d48000 	C:\Windows\SYSTEM32\drvstore.dll
0x00007ffacc240000 - 0x00007ffacc26c000 	C:\Windows\SYSTEM32\devobj.dll
0x00007ffacc1f0000 - 0x00007ffacc23e000 	C:\Windows\SYSTEM32\cfgmgr32.dll
0x00007ffacbe00000 - 0x00007ffacbe4b000 	C:\Windows\SYSTEM32\wldp.dll
0x00007ffacc5d0000 - 0x00007ffacc63b000 	C:\Windows\System32\wintrust.dll
0x00007ffacd860000 - 0x00007ffacd87f000 	C:\Windows\System32\imagehlp.dll
0x00007ffabf5c0000 - 0x00007ffac17ae000 	C:\Windows\System32\DriverStore\FileRepository\nv_dispig.inf_amd64_866484083fc526af\nvgpucomp64.dll
0x00007ffa90630000 - 0x00007ffa92ff5000 	C:\Windows\System32\DriverStore\FileRepository\nv_dispig.inf_amd64_866484083fc526af\nvd3dumx.dll
0x00007ffac6ec0000 - 0x00007ffac6f0a000 	C:\Windows\SYSTEM32\directxdatabasehelper.dll
0x00007ffacbaf0000 - 0x00007ffacbb16000 	C:\Windows\SYSTEM32\gpapi.dll
0x00007ffa9fc80000 - 0x00007ffa9fd07000 	C:\Users\maxim\.jdks\openjdk-21.0.2\bin\freetype.dll
0x00007ffa7b9e0000 - 0x00007ffa7bac2000 	C:\Users\maxim\.jdks\openjdk-21.0.2\bin\fontmanager.dll
0x00007ffac1fd0000 - 0x00007ffac211a000 	C:\Windows\SYSTEM32\textinputframework.dll
0x00007ffac94f0000 - 0x00007ffac9624000 	C:\Windows\SYSTEM32\CoreMessaging.dll
0x00007ffac67b0000 - 0x00007ffac6b1c000 	C:\Windows\SYSTEM32\CoreUIComponents.dll

dbghelp: loaded successfully - version: 4.0.5 - missing functions: none
symbol engine: initialized successfully - sym options: 0x614 - pdb path: .;C:\Users\maxim\.jdks\openjdk-21.0.2\bin;C:\Windows\SYSTEM32;C:\Program Files\Avast Software\Avast;C:\Windows\WinSxS\amd64_microsoft.windows.common-controls_6595b64144ccf1df_6.0.22621.2506_none_270c5ae97388e100;C:\Users\maxim\.jdks\openjdk-21.0.2\bin\server;C:\Program Files\JetBrains\IntelliJ IDEA 2023.3.2\bin;C:\Windows\System32\DriverStore\FileRepository\nv_dispig.inf_amd64_866484083fc526af

VM Arguments:
jvm_args: -javaagent:C:\Program Files\JetBrains\IntelliJ IDEA 2023.3.2\lib\idea_rt.jar=52482:C:\Program Files\JetBrains\IntelliJ IDEA 2023.3.2\bin -Dfile.encoding=UTF-8 -Dsun.stdout.encoding=UTF-8 -Dsun.stderr.encoding=UTF-8 
java_command: main.MainClass
java_class_path (initial): C:\Users\maxim\IdeaProjects\Coursework\target\classes;C:\Users\maxim\.m2\repository\org\openjfx\javafx-controls\21\javafx-controls-21.jar;C:\Users\maxim\.m2\repository\org\openjfx\javafx-controls\21\javafx-controls-21-win.jar;C:\Users\maxim\.m2\repository\org\openjfx\javafx-graphics\21\javafx-graphics-21.jar;C:\Users\maxim\.m2\repository\org\openjfx\javafx-graphics\21\javafx-graphics-21-win.jar;C:\Users\maxim\.m2\repository\org\openjfx\javafx-base\21\javafx-base-21.jar;C:\Users\maxim\.m2\repository\org\openjfx\javafx-base\21\javafx-base-21-win.jar;C:\Users\maxim\.m2\repository\org\openjfx\javafx-fxml\21\javafx-fxml-21.jar;C:\Users\maxim\.m2\repository\org\openjfx\javafx-fxml\21\javafx-fxml-21-win.jar
Launcher Type: SUN_STANDARD

[Global flags]
     intx CICompilerCount                          = 3                                         {product} {ergonomic}
     uint ConcGCThreads                            = 1                                         {product} {ergonomic}
     uint G1ConcRefinementThreads                  = 4                                         {product} {ergonomic}
   size_t G1HeapRegionSize                         = 2097152                                   {product} {ergonomic}
    uintx GCDrainStackTargetSize                   = 64                                        {product} {ergonomic}
   size_t InitialHeapSize                          = 268435456                                 {product} {ergonomic}
   size_t MarkStackSize                            = 4194304                                   {product} {ergonomic}
   size_t MaxHeapSize                              = 4278190080                                {product} {ergonomic}
   size_t MaxNewSize                               = 2566914048                                {product} {ergonomic}
   size_t MinHeapDeltaBytes                        = 2097152                                   {product} {ergonomic}
   size_t MinHeapSize                              = 8388608                                   {product} {ergonomic}
    uintx NonNMethodCodeHeapSize                   = 5832780                                {pd product} {ergonomic}
    uintx NonProfiledCodeHeapSize                  = 122912730                              {pd product} {ergonomic}
    uintx ProfiledCodeHeapSize                     = 122912730                              {pd product} {ergonomic}
    uintx ReservedCodeCacheSize                    = 251658240                              {pd product} {ergonomic}
     bool SegmentedCodeCache                       = true                                      {product} {ergonomic}
   size_t SoftMaxHeapSize                          = 4278190080                             {manageable} {ergonomic}
     bool UseCompressedOops                        = true                           {product lp64_product} {ergonomic}
     bool UseG1GC                                  = true                                      {product} {ergonomic}
     bool UseLargePagesIndividualAllocation        = false                                  {pd product} {ergonomic}

Logging:
Log output configuration:
 #0: stdout all=warning uptime,level,tags foldmultilines=false
 #1: stderr all=off uptime,level,tags foldmultilines=false

Environment Variables:
PATH=C:\Windows\system32;C:\Windows;C:\Windows\System32\Wbem;C:\Windows\System32\WindowsPowerShell\v1.0\;C:\Windows\System32\OpenSSH\;C:\Program Files\dotnet\;C:\Program Files (x86)\NVIDIA Corporation\PhysX\Common;C:\Program Files (x86)\Windows Kits\10\Windows Performance Toolkit\;C:\Program Files\Git\cmd;C:\Users\maxim\AppData\Local\Microsoft\WindowsApps;C:\Users\maxim\.dotnet\tools;C:\Program Files\JetBrains\IntelliJ IDEA 2023.3.2\bin;;C:\Program Files\CMake\bin;C:\Users\maxim\AppData\Local\Programs\Microsoft VS Code\bin
USERNAME=maxim
OS=Windows_NT
PROCESSOR_IDENTIFIER=Intel64 Family 6 Model 158 Stepping 11, GenuineIntel
TMP=C:\Users\maxim\AppData\Local\Temp
TEMP=C:\Users\maxim\AppData\Local\Temp




Periodic native trim disabled

---------------  S Y S T E M  ---------------

OS:
 Windows 11 , 64 bit Build 22621 (10.0.22621.3085)
OS uptime: 0 days 11:32 hours

CPU: total 4 (initial active 4) (4 cores per cpu, 1 threads per core) family 6 model 158 stepping 11 microcode 0xde, cx8, cmov, fxsr, mmx, 3dnowpref, sse, sse2, sse3, ssse3, sse4.1, sse4.2, popcnt, lzcnt, tsc, tscinvbit, avx, avx2, aes, erms, clmul, bmi1, bmi2, adx, fma, vzeroupper, clflush, clflushopt, rdtscp, f16c
Processor Information for all 4 processors :
  Max Mhz: 3600, Current Mhz: 3600, Mhz Limit: 3600

Memory: 4k page, system-wide physical 16317M (1208M free)
TotalPageFile size 33706M (AvailPageFile size 0M)
current process WorkingSet (physical memory assigned to process): 2961M, peak: 8270M
current process commit charge ("private bytes"): 19926M, peak: 19940M

vm_info: OpenJDK 64-Bit Server VM (21.0.2+13-58) for windows-amd64 JRE (21.0.2+13-58), built on 2024-01-05T18:32:24Z by "mach5one" with MS VC++ 17.1 (VS2022)

END.
