#
# There is insufficient memory for the Java Runtime Environment to continue.
# Native memory allocation (malloc) failed to allocate 32744 bytes for Chunk::new
# Possible reasons:
#   The system is out of physical RAM or swap space
#   The process is running with CompressedOops enabled, and the Java Heap may be blocking the growth of the native heap
# Possible solutions:
#   Reduce memory load on the system
#   Increase physical memory or swap space
#   Check if swap backing store is full
#   Decrease Java heap size (-Xmx/-Xms)
#   Decrease number of Java threads
#   Decrease Java thread stack sizes (-Xss)
#   Set larger code cache with -XX:ReservedCodeCacheSize=
#   JVM is running with Zero Based Compressed Oops mode in which the Java heap is
#     placed in the first 32GB address space. The Java Heap base address is the
#     maximum limit for the native heap growth. Please use -XX:HeapBaseMinAddress
#     to set the Java Heap base and to place the Java Heap above 32GB virtual address.
# This output file may be truncated or incomplete.
#
#  Out of Memory Error (arena.cpp:168), pid=6248, tid=10196
#
# JRE version: OpenJDK Runtime Environment (21.0.2+13) (build 21.0.2+13-58)
# Java VM: OpenJDK 64-Bit Server VM (21.0.2+13-58, mixed mode, sharing, tiered, compressed oops, compressed class ptrs, g1 gc, windows-amd64)
# No core dump will be written. Minidumps are not enabled by default on client versions of Windows
#

---------------  S U M M A R Y ------------

Command Line: -agentlib:jdwp=transport=dt_socket,address=127.0.0.1:52585,suspend=y,server=n -javaagent:C:\Users\maxim\AppData\Local\JetBrains\IntelliJIdea2023.3\captureAgent\debugger-agent.jar -Dfile.encoding=UTF-8 -Dsun.stdout.encoding=UTF-8 -Dsun.stderr.encoding=UTF-8 main.MainClass

Host: Intel(R) Core(TM) i3-9100F CPU @ 3.60GHz, 4 cores, 15G,  Windows 11 , 64 bit Build 22621 (10.0.22621.3085)
Time: Mon Mar 11 20:21:41 2024 FLE Standard Time elapsed time: 26.036410 seconds (0d 0h 0m 26s)

---------------  T H R E A D  ---------------

Current thread (0x0000021fedf3c320):  JavaThread "C2 CompilerThread0" daemon [_thread_in_native, id=10196, stack(0x000000bba5300000,0x000000bba5400000) (1024K)]


Current CompileTask:
C2:  26036 1651   !   4       sun.java2d.SurfaceDataProxy::replaceData (329 bytes)

Stack: [0x000000bba5300000,0x000000bba5400000]
Native frames: (J=compiled Java code, j=interpreted, Vv=VM code, C=native code)
V  [jvm.dll+0x6cade9]
V  [jvm.dll+0x8569c1]
V  [jvm.dll+0x858d2e]
V  [jvm.dll+0x859413]
V  [jvm.dll+0x280e56]
V  [jvm.dll+0xc3f3d]
V  [jvm.dll+0xc4473]
V  [jvm.dll+0x9aff]
V  [jvm.dll+0x2fd86a]
V  [jvm.dll+0x2fcd3f]
V  [jvm.dll+0x2fdbbb]
V  [jvm.dll+0x2feb60]
V  [jvm.dll+0x2ff4ca]
V  [jvm.dll+0x24b2ff]
V  [jvm.dll+0x2490a3]
V  [jvm.dll+0x1c9634]
V  [jvm.dll+0x258859]
V  [jvm.dll+0x256e3a]
V  [jvm.dll+0x3ef6c6]
V  [jvm.dll+0x7ff568]
V  [jvm.dll+0x6c953d]
C  [ucrtbase.dll+0x29363]
C  [KERNEL32.DLL+0x1257d]
C  [ntdll.dll+0x5aa58]


---------------  P R O C E S S  ---------------

Threads class SMR info:
_java_thread_list=0x0000021ff2ddeba0, length=20, elements={
0x0000021fedf2c3a0, 0x0000021fedf2d9a0, 0x0000021fedf31610, 0x0000021fedf34080,
0x0000021fedf36360, 0x0000021fedf37690, 0x0000021fedf3c320, 0x0000021fedf40f00,
0x0000021fedefb700, 0x0000021ff2333e30, 0x0000021ff2366230, 0x0000021ff23344b0,
0x0000021ff230c920, 0x0000021ff24e9ec0, 0x0000021ff2a574d0, 0x0000021ff2a57b40,
0x0000021ff2f69100, 0x0000021ff30059a0, 0x0000021fcd482680, 0x0000021ff3006010
}

Java Threads: ( => current thread )
  0x0000021fedf2c3a0 JavaThread "Reference Handler"          daemon [_thread_blocked, id=12332, stack(0x000000bba4d00000,0x000000bba4e00000) (1024K)]
  0x0000021fedf2d9a0 JavaThread "Finalizer"                  daemon [_thread_blocked, id=6704, stack(0x000000bba4e00000,0x000000bba4f00000) (1024K)]
  0x0000021fedf31610 JavaThread "Signal Dispatcher"          daemon [_thread_blocked, id=6088, stack(0x000000bba4f00000,0x000000bba5000000) (1024K)]
  0x0000021fedf34080 JavaThread "Attach Listener"            daemon [_thread_blocked, id=14340, stack(0x000000bba5000000,0x000000bba5100000) (1024K)]
  0x0000021fedf36360 JavaThread "Service Thread"             daemon [_thread_blocked, id=13332, stack(0x000000bba5100000,0x000000bba5200000) (1024K)]
  0x0000021fedf37690 JavaThread "Monitor Deflation Thread"   daemon [_thread_blocked, id=13468, stack(0x000000bba5200000,0x000000bba5300000) (1024K)]
=>0x0000021fedf3c320 JavaThread "C2 CompilerThread0"         daemon [_thread_in_native, id=10196, stack(0x000000bba5300000,0x000000bba5400000) (1024K)]
  0x0000021fedf40f00 JavaThread "C1 CompilerThread0"         daemon [_thread_blocked, id=10500, stack(0x000000bba5400000,0x000000bba5500000) (1024K)]
  0x0000021fedefb700 JavaThread "Common-Cleaner"             daemon [_thread_blocked, id=8772, stack(0x000000bba5500000,0x000000bba5600000) (1024K)]
  0x0000021ff2333e30 JavaThread "JDWP Transport Listener: dt_socket" daemon [_thread_blocked, id=10636, stack(0x000000bba5600000,0x000000bba5700000) (1024K)]
  0x0000021ff2366230 JavaThread "JDWP Event Helper Thread"   daemon [_thread_blocked, id=14984, stack(0x000000bba5700000,0x000000bba5800000) (1024K)]
  0x0000021ff23344b0 JavaThread "JDWP Command Reader"        daemon [_thread_in_native, id=14044, stack(0x000000bba5800000,0x000000bba5900000) (1024K)]
  0x0000021ff230c920 JavaThread "Notification Thread"        daemon [_thread_blocked, id=8676, stack(0x000000bba5900000,0x000000bba5a00000) (1024K)]
  0x0000021ff24e9ec0 JavaThread "Java2D Disposer"            daemon [_thread_blocked, id=4092, stack(0x000000bba5a00000,0x000000bba5b00000) (1024K)]
  0x0000021ff2a574d0 JavaThread "AWT-Shutdown"                      [_thread_blocked, id=3776, stack(0x000000bba5e00000,0x000000bba5f00000) (1024K)]
  0x0000021ff2a57b40 JavaThread "AWT-Windows"                daemon [_thread_in_native, id=1860, stack(0x000000bba5f00000,0x000000bba6000000) (1024K)]
  0x0000021ff2f69100 JavaThread "AWT-EventQueue-0"                  [_thread_in_native, id=4920, stack(0x000000bba6200000,0x000000bba6300000) (1024K)]
  0x0000021ff30059a0 JavaThread "Thread-0"                          [_thread_in_Java, id=15236, stack(0x000000bba6300000,0x000000bba6400000) (1024K)]
  0x0000021fcd482680 JavaThread "DestroyJavaVM"                     [_thread_blocked, id=15160, stack(0x000000bba4500000,0x000000bba4600000) (1024K)]
  0x0000021ff3006010 JavaThread "D3D Screen Updater"         daemon [_thread_blocked, id=14108, stack(0x000000bba6400000,0x000000bba6500000) (1024K)]
Total: 20

Other Threads:
  0x0000021fedf128a0 VMThread "VM Thread"                           [id=6892, stack(0x000000bba4c00000,0x000000bba4d00000) (1024K)]
  0x0000021fedef9710 WatcherThread "VM Periodic Task Thread"        [id=9104, stack(0x000000bba4b00000,0x000000bba4c00000) (1024K)]
  0x0000021fcf6a58c0 WorkerThread "GC Thread#0"                     [id=14220, stack(0x000000bba4600000,0x000000bba4700000) (1024K)]
  0x0000021fedf12c40 WorkerThread "GC Thread#1"                     [id=6296, stack(0x000000bba5b00000,0x000000bba5c00000) (1024K)]
  0x0000021fedf13380 WorkerThread "GC Thread#2"                     [id=11164, stack(0x000000bba5c00000,0x000000bba5d00000) (1024K)]
  0x0000021fedf13ac0 WorkerThread "GC Thread#3"                     [id=14448, stack(0x000000bba5d00000,0x000000bba5e00000) (1024K)]
  0x0000021fcf6b6a20 ConcurrentGCThread "G1 Main Marker"            [id=12452, stack(0x000000bba4700000,0x000000bba4800000) (1024K)]
  0x0000021fcf6b90d0 WorkerThread "G1 Conc#0"                       [id=13608, stack(0x000000bba4800000,0x000000bba4900000) (1024K)]
  0x0000021feddbc130 ConcurrentGCThread "G1 Refine#0"               [id=6224, stack(0x000000bba4900000,0x000000bba4a00000) (1024K)]
  0x0000021feddbcbb0 ConcurrentGCThread "G1 Service"                [id=1696, stack(0x000000bba4a00000,0x000000bba4b00000) (1024K)]
Total: 10

Threads with active compile tasks:
C2 CompilerThread0    26081 1651   !   4       sun.java2d.SurfaceDataProxy::replaceData (329 bytes)
Total: 1

VM state: not at safepoint (normal execution)

VM Mutex/Monitor currently owned by a thread: None

Heap address: 0x0000000701000000, size: 4080 MB, Compressed Oops mode: Zero based, Oop shift amount: 3

CDS archive(s) mapped at: [0x0000021f80000000-0x0000021f80c90000-0x0000021f80c90000), size 13172736, SharedBaseAddress: 0x0000021f80000000, ArchiveRelocationMode: 1.
Compressed class space mapped at: 0x0000021f81000000-0x0000021fc1000000, reserved size: 1073741824
Narrow klass base: 0x0000021f80000000, Narrow klass shift: 0, Narrow klass range: 0x100000000

GC Precious Log:
 CardTable entry size: 512
 Card Set container configuration: InlinePtr #cards 4 size 8 Array Of Cards #cards 16 size 48 Howl #buckets 8 coarsen threshold 3686 Howl Bitmap #cards 512 size 80 coarsen threshold 460 Card regions per heap region 1 cards per card region 4096
 CPUs: 4 total, 4 available
 Memory: 16317M
 Large Page Support: Disabled
 NUMA Support: Disabled
 Compressed Oops: Enabled (Zero based)
 Heap Region Size: 2M
 Heap Min Capacity: 8M
 Heap Initial Capacity: 256M
 Heap Max Capacity: 4080M
 Pre-touch: Disabled
 Parallel Workers: 4
 Concurrent Workers: 1
 Concurrent Refinement Workers: 4
 Periodic GC: Disabled

Heap:
 garbage-first heap   total 262144K, used 94147K [0x0000000701000000, 0x0000000800000000)
  region size 2048K, 14 young (28672K), 1 survivors (2048K)
 Metaspace       used 8796K, committed 9024K, reserved 1114112K
  class space    used 879K, committed 1024K, reserved 1048576K

Heap Regions: E=young(eden), S=young(survivor), O=old, HS=humongous(starts), HC=humongous(continues), CS=collection set, F=free, TAMS=top-at-mark-start, PB=parsable bottom
|   0|0x0000000701000000, 0x0000000701200000, 0x0000000701200000|100%|HS|  |TAMS 0x0000000701000000| PB 0x0000000701000000| Complete 
|   1|0x0000000701200000, 0x0000000701400000, 0x0000000701400000|100%|HC|  |TAMS 0x0000000701200000| PB 0x0000000701200000| Complete 
|   2|0x0000000701400000, 0x0000000701600000, 0x0000000701600000|100%|HC|  |TAMS 0x0000000701400000| PB 0x0000000701400000| Complete 
|   3|0x0000000701600000, 0x0000000701800000, 0x0000000701800000|100%|HC|  |TAMS 0x0000000701600000| PB 0x0000000701600000| Complete 
|   4|0x0000000701800000, 0x0000000701a00000, 0x0000000701a00000|100%|HC|  |TAMS 0x0000000701800000| PB 0x0000000701800000| Complete 
|   5|0x0000000701a00000, 0x0000000701c00000, 0x0000000701c00000|100%|HC|  |TAMS 0x0000000701a00000| PB 0x0000000701a00000| Complete 
|   6|0x0000000701c00000, 0x0000000701e00000, 0x0000000701e00000|100%|HC|  |TAMS 0x0000000701c00000| PB 0x0000000701c00000| Complete 
|   7|0x0000000701e00000, 0x0000000702000000, 0x0000000702000000|100%|HC|  |TAMS 0x0000000701e00000| PB 0x0000000701e00000| Complete 
|   8|0x0000000702000000, 0x0000000702200000, 0x0000000702200000|100%|HC|  |TAMS 0x0000000702000000| PB 0x0000000702000000| Complete 
|   9|0x0000000702200000, 0x0000000702400000, 0x0000000702400000|100%|HC|  |TAMS 0x0000000702200000| PB 0x0000000702200000| Complete 
|  10|0x0000000702400000, 0x0000000702600000, 0x0000000702600000|100%|HC|  |TAMS 0x0000000702400000| PB 0x0000000702400000| Complete 
|  11|0x0000000702600000, 0x0000000702800000, 0x0000000702800000|100%|HC|  |TAMS 0x0000000702600000| PB 0x0000000702600000| Complete 
|  12|0x0000000702800000, 0x0000000702a00000, 0x0000000702a00000|100%|HC|  |TAMS 0x0000000702800000| PB 0x0000000702800000| Complete 
|  13|0x0000000702a00000, 0x0000000702c00000, 0x0000000702c00000|100%|HS|  |TAMS 0x0000000702a00000| PB 0x0000000702a00000| Complete 
|  14|0x0000000702c00000, 0x0000000702e00000, 0x0000000702e00000|100%|HC|  |TAMS 0x0000000702c00000| PB 0x0000000702c00000| Complete 
|  15|0x0000000702e00000, 0x0000000703000000, 0x0000000703000000|100%|HC|  |TAMS 0x0000000702e00000| PB 0x0000000702e00000| Complete 
|  16|0x0000000703000000, 0x0000000703200000, 0x0000000703200000|100%|HC|  |TAMS 0x0000000703000000| PB 0x0000000703000000| Complete 
|  17|0x0000000703200000, 0x0000000703400000, 0x0000000703400000|100%|HC|  |TAMS 0x0000000703200000| PB 0x0000000703200000| Complete 
|  18|0x0000000703400000, 0x0000000703600000, 0x0000000703600000|100%|HC|  |TAMS 0x0000000703400000| PB 0x0000000703400000| Complete 
|  19|0x0000000703600000, 0x0000000703800000, 0x0000000703800000|100%|HC|  |TAMS 0x0000000703600000| PB 0x0000000703600000| Complete 
|  20|0x0000000703800000, 0x0000000703a00000, 0x0000000703a00000|100%|HS|  |TAMS 0x0000000703800000| PB 0x0000000703800000| Complete 
|  21|0x0000000703a00000, 0x0000000703c00000, 0x0000000703c00000|100%|HC|  |TAMS 0x0000000703a00000| PB 0x0000000703a00000| Complete 
|  22|0x0000000703c00000, 0x0000000703e00000, 0x0000000703e00000|100%|HC|  |TAMS 0x0000000703c00000| PB 0x0000000703c00000| Complete 
|  23|0x0000000703e00000, 0x0000000704000000, 0x0000000704000000|100%|HC|  |TAMS 0x0000000703e00000| PB 0x0000000703e00000| Complete 
|  24|0x0000000704000000, 0x0000000704200000, 0x0000000704200000|100%|HC|  |TAMS 0x0000000704000000| PB 0x0000000704000000| Complete 
|  25|0x0000000704200000, 0x0000000704400000, 0x0000000704400000|100%|HC|  |TAMS 0x0000000704200000| PB 0x0000000704200000| Complete 
|  26|0x0000000704400000, 0x0000000704600000, 0x0000000704600000|100%|HC|  |TAMS 0x0000000704400000| PB 0x0000000704400000| Complete 
|  27|0x0000000704600000, 0x0000000704800000, 0x0000000704800000|100%|HS|  |TAMS 0x0000000704600000| PB 0x0000000704600000| Complete 
|  28|0x0000000704800000, 0x0000000704a00000, 0x0000000704a00000|100%|HC|  |TAMS 0x0000000704800000| PB 0x0000000704800000| Complete 
|  29|0x0000000704a00000, 0x0000000704c00000, 0x0000000704c00000|100%|HC|  |TAMS 0x0000000704a00000| PB 0x0000000704a00000| Complete 
|  30|0x0000000704c00000, 0x0000000704e00000, 0x0000000704e00000|100%|HC|  |TAMS 0x0000000704c00000| PB 0x0000000704c00000| Complete 
|  31|0x0000000704e00000, 0x0000000705000000, 0x0000000705000000|100%|HC|  |TAMS 0x0000000704e00000| PB 0x0000000704e00000| Complete 
|  32|0x0000000705000000, 0x0000000705200000, 0x0000000705200000|100%|HC|  |TAMS 0x0000000705000000| PB 0x0000000705000000| Complete 
|  33|0x0000000705200000, 0x0000000705400000, 0x0000000705400000|100%|HC|  |TAMS 0x0000000705200000| PB 0x0000000705200000| Complete 
|  34|0x0000000705400000, 0x0000000705400000, 0x0000000705600000|  0%| F|  |TAMS 0x0000000705400000| PB 0x0000000705400000| Untracked 
|  35|0x0000000705600000, 0x0000000705600000, 0x0000000705800000|  0%| F|  |TAMS 0x0000000705600000| PB 0x0000000705600000| Untracked 
|  36|0x0000000705800000, 0x0000000705800000, 0x0000000705a00000|  0%| F|  |TAMS 0x0000000705800000| PB 0x0000000705800000| Untracked 
|  37|0x0000000705a00000, 0x0000000705a00000, 0x0000000705c00000|  0%| F|  |TAMS 0x0000000705a00000| PB 0x0000000705a00000| Untracked 
|  38|0x0000000705c00000, 0x0000000705c00000, 0x0000000705e00000|  0%| F|  |TAMS 0x0000000705c00000| PB 0x0000000705c00000| Untracked 
|  39|0x0000000705e00000, 0x0000000705e00000, 0x0000000706000000|  0%| F|  |TAMS 0x0000000705e00000| PB 0x0000000705e00000| Untracked 
|  40|0x0000000706000000, 0x0000000706000000, 0x0000000706200000|  0%| F|  |TAMS 0x0000000706000000| PB 0x0000000706000000| Untracked 
|  41|0x0000000706200000, 0x0000000706200000, 0x0000000706400000|  0%| F|  |TAMS 0x0000000706200000| PB 0x0000000706200000| Untracked 
|  42|0x0000000706400000, 0x0000000706400000, 0x0000000706600000|  0%| F|  |TAMS 0x0000000706400000| PB 0x0000000706400000| Untracked 
|  43|0x0000000706600000, 0x0000000706600000, 0x0000000706800000|  0%| F|  |TAMS 0x0000000706600000| PB 0x0000000706600000| Untracked 
|  44|0x0000000706800000, 0x0000000706800000, 0x0000000706a00000|  0%| F|  |TAMS 0x0000000706800000| PB 0x0000000706800000| Untracked 
|  45|0x0000000706a00000, 0x0000000706a00000, 0x0000000706c00000|  0%| F|  |TAMS 0x0000000706a00000| PB 0x0000000706a00000| Untracked 
|  46|0x0000000706c00000, 0x0000000706c00000, 0x0000000706e00000|  0%| F|  |TAMS 0x0000000706c00000| PB 0x0000000706c00000| Untracked 
|  47|0x0000000706e00000, 0x0000000706e00000, 0x0000000707000000|  0%| F|  |TAMS 0x0000000706e00000| PB 0x0000000706e00000| Untracked 
|  48|0x0000000707000000, 0x0000000707000000, 0x0000000707200000|  0%| F|  |TAMS 0x0000000707000000| PB 0x0000000707000000| Untracked 
|  49|0x0000000707200000, 0x0000000707200000, 0x0000000707400000|  0%| F|  |TAMS 0x0000000707200000| PB 0x0000000707200000| Untracked 
|  50|0x0000000707400000, 0x0000000707400000, 0x0000000707600000|  0%| F|  |TAMS 0x0000000707400000| PB 0x0000000707400000| Untracked 
|  51|0x0000000707600000, 0x0000000707600000, 0x0000000707800000|  0%| F|  |TAMS 0x0000000707600000| PB 0x0000000707600000| Untracked 
|  52|0x0000000707800000, 0x0000000707800000, 0x0000000707a00000|  0%| F|  |TAMS 0x0000000707800000| PB 0x0000000707800000| Untracked 
|  53|0x0000000707a00000, 0x0000000707a00000, 0x0000000707c00000|  0%| F|  |TAMS 0x0000000707a00000| PB 0x0000000707a00000| Untracked 
|  54|0x0000000707c00000, 0x0000000707c00000, 0x0000000707e00000|  0%| F|  |TAMS 0x0000000707c00000| PB 0x0000000707c00000| Untracked 
|  55|0x0000000707e00000, 0x0000000707e00000, 0x0000000708000000|  0%| F|  |TAMS 0x0000000707e00000| PB 0x0000000707e00000| Untracked 
|  56|0x0000000708000000, 0x0000000708000000, 0x0000000708200000|  0%| F|  |TAMS 0x0000000708000000| PB 0x0000000708000000| Untracked 
|  57|0x0000000708200000, 0x0000000708200000, 0x0000000708400000|  0%| F|  |TAMS 0x0000000708200000| PB 0x0000000708200000| Untracked 
|  58|0x0000000708400000, 0x0000000708400000, 0x0000000708600000|  0%| F|  |TAMS 0x0000000708400000| PB 0x0000000708400000| Untracked 
|  59|0x0000000708600000, 0x0000000708600000, 0x0000000708800000|  0%| F|  |TAMS 0x0000000708600000| PB 0x0000000708600000| Untracked 
|  60|0x0000000708800000, 0x0000000708800000, 0x0000000708a00000|  0%| F|  |TAMS 0x0000000708800000| PB 0x0000000708800000| Untracked 
|  61|0x0000000708a00000, 0x0000000708a00000, 0x0000000708c00000|  0%| F|  |TAMS 0x0000000708a00000| PB 0x0000000708a00000| Untracked 
|  62|0x0000000708c00000, 0x0000000708c00000, 0x0000000708e00000|  0%| F|  |TAMS 0x0000000708c00000| PB 0x0000000708c00000| Untracked 
|  63|0x0000000708e00000, 0x0000000708e00000, 0x0000000709000000|  0%| F|  |TAMS 0x0000000708e00000| PB 0x0000000708e00000| Untracked 
|  64|0x0000000709000000, 0x0000000709000000, 0x0000000709200000|  0%| F|  |TAMS 0x0000000709000000| PB 0x0000000709000000| Untracked 
|  65|0x0000000709200000, 0x0000000709200000, 0x0000000709400000|  0%| F|  |TAMS 0x0000000709200000| PB 0x0000000709200000| Untracked 
|  66|0x0000000709400000, 0x0000000709400000, 0x0000000709600000|  0%| F|  |TAMS 0x0000000709400000| PB 0x0000000709400000| Untracked 
|  67|0x0000000709600000, 0x0000000709600000, 0x0000000709800000|  0%| F|  |TAMS 0x0000000709600000| PB 0x0000000709600000| Untracked 
|  68|0x0000000709800000, 0x0000000709800000, 0x0000000709a00000|  0%| F|  |TAMS 0x0000000709800000| PB 0x0000000709800000| Untracked 
|  69|0x0000000709a00000, 0x0000000709a00000, 0x0000000709c00000|  0%| F|  |TAMS 0x0000000709a00000| PB 0x0000000709a00000| Untracked 
|  70|0x0000000709c00000, 0x0000000709c00000, 0x0000000709e00000|  0%| F|  |TAMS 0x0000000709c00000| PB 0x0000000709c00000| Untracked 
|  71|0x0000000709e00000, 0x0000000709e00000, 0x000000070a000000|  0%| F|  |TAMS 0x0000000709e00000| PB 0x0000000709e00000| Untracked 
|  72|0x000000070a000000, 0x000000070a000000, 0x000000070a200000|  0%| F|  |TAMS 0x000000070a000000| PB 0x000000070a000000| Untracked 
|  73|0x000000070a200000, 0x000000070a200000, 0x000000070a400000|  0%| F|  |TAMS 0x000000070a200000| PB 0x000000070a200000| Untracked 
|  74|0x000000070a400000, 0x000000070a400000, 0x000000070a600000|  0%| F|  |TAMS 0x000000070a400000| PB 0x000000070a400000| Untracked 
|  75|0x000000070a600000, 0x000000070a600000, 0x000000070a800000|  0%| F|  |TAMS 0x000000070a600000| PB 0x000000070a600000| Untracked 
|  76|0x000000070a800000, 0x000000070a800000, 0x000000070aa00000|  0%| F|  |TAMS 0x000000070a800000| PB 0x000000070a800000| Untracked 
|  77|0x000000070aa00000, 0x000000070aa00000, 0x000000070ac00000|  0%| F|  |TAMS 0x000000070aa00000| PB 0x000000070aa00000| Untracked 
|  78|0x000000070ac00000, 0x000000070ac00000, 0x000000070ae00000|  0%| F|  |TAMS 0x000000070ac00000| PB 0x000000070ac00000| Untracked 
|  79|0x000000070ae00000, 0x000000070ae00000, 0x000000070b000000|  0%| F|  |TAMS 0x000000070ae00000| PB 0x000000070ae00000| Untracked 
|  80|0x000000070b000000, 0x000000070b000000, 0x000000070b200000|  0%| F|  |TAMS 0x000000070b000000| PB 0x000000070b000000| Untracked 
|  81|0x000000070b200000, 0x000000070b200000, 0x000000070b400000|  0%| F|  |TAMS 0x000000070b200000| PB 0x000000070b200000| Untracked 
|  82|0x000000070b400000, 0x000000070b400000, 0x000000070b600000|  0%| F|  |TAMS 0x000000070b400000| PB 0x000000070b400000| Untracked 
|  83|0x000000070b600000, 0x000000070b600000, 0x000000070b800000|  0%| F|  |TAMS 0x000000070b600000| PB 0x000000070b600000| Untracked 
|  84|0x000000070b800000, 0x000000070b800000, 0x000000070ba00000|  0%| F|  |TAMS 0x000000070b800000| PB 0x000000070b800000| Untracked 
|  85|0x000000070ba00000, 0x000000070ba00000, 0x000000070bc00000|  0%| F|  |TAMS 0x000000070ba00000| PB 0x000000070ba00000| Untracked 
|  86|0x000000070bc00000, 0x000000070bc00000, 0x000000070be00000|  0%| F|  |TAMS 0x000000070bc00000| PB 0x000000070bc00000| Untracked 
|  87|0x000000070be00000, 0x000000070be00000, 0x000000070c000000|  0%| F|  |TAMS 0x000000070be00000| PB 0x000000070be00000| Untracked 
|  88|0x000000070c000000, 0x000000070c000000, 0x000000070c200000|  0%| F|  |TAMS 0x000000070c000000| PB 0x000000070c000000| Untracked 
|  89|0x000000070c200000, 0x000000070c200000, 0x000000070c400000|  0%| F|  |TAMS 0x000000070c200000| PB 0x000000070c200000| Untracked 
|  90|0x000000070c400000, 0x000000070c400000, 0x000000070c600000|  0%| F|  |TAMS 0x000000070c400000| PB 0x000000070c400000| Untracked 
|  91|0x000000070c600000, 0x000000070c600000, 0x000000070c800000|  0%| F|  |TAMS 0x000000070c600000| PB 0x000000070c600000| Untracked 
|  92|0x000000070c800000, 0x000000070c800000, 0x000000070ca00000|  0%| F|  |TAMS 0x000000070c800000| PB 0x000000070c800000| Untracked 
|  93|0x000000070ca00000, 0x000000070ca00000, 0x000000070cc00000|  0%| F|  |TAMS 0x000000070ca00000| PB 0x000000070ca00000| Untracked 
|  94|0x000000070cc00000, 0x000000070cc00000, 0x000000070ce00000|  0%| F|  |TAMS 0x000000070cc00000| PB 0x000000070cc00000| Untracked 
|  95|0x000000070ce00000, 0x000000070ce00000, 0x000000070d000000|  0%| F|  |TAMS 0x000000070ce00000| PB 0x000000070ce00000| Untracked 
|  96|0x000000070d000000, 0x000000070d000000, 0x000000070d200000|  0%| F|  |TAMS 0x000000070d000000| PB 0x000000070d000000| Untracked 
|  97|0x000000070d200000, 0x000000070d200000, 0x000000070d400000|  0%| F|  |TAMS 0x000000070d200000| PB 0x000000070d200000| Untracked 
|  98|0x000000070d400000, 0x000000070d400000, 0x000000070d600000|  0%| F|  |TAMS 0x000000070d400000| PB 0x000000070d400000| Untracked 
|  99|0x000000070d600000, 0x000000070d600000, 0x000000070d800000|  0%| F|  |TAMS 0x000000070d600000| PB 0x000000070d600000| Untracked 
| 100|0x000000070d800000, 0x000000070d800000, 0x000000070da00000|  0%| F|  |TAMS 0x000000070d800000| PB 0x000000070d800000| Untracked 
| 101|0x000000070da00000, 0x000000070da00000, 0x000000070dc00000|  0%| F|  |TAMS 0x000000070da00000| PB 0x000000070da00000| Untracked 
| 102|0x000000070dc00000, 0x000000070dc00000, 0x000000070de00000|  0%| F|  |TAMS 0x000000070dc00000| PB 0x000000070dc00000| Untracked 
| 103|0x000000070de00000, 0x000000070de00000, 0x000000070e000000|  0%| F|  |TAMS 0x000000070de00000| PB 0x000000070de00000| Untracked 
| 104|0x000000070e000000, 0x000000070e000000, 0x000000070e200000|  0%| F|  |TAMS 0x000000070e000000| PB 0x000000070e000000| Untracked 
| 105|0x000000070e200000, 0x000000070e200000, 0x000000070e400000|  0%| F|  |TAMS 0x000000070e200000| PB 0x000000070e200000| Untracked 
| 106|0x000000070e400000, 0x000000070e400000, 0x000000070e600000|  0%| F|  |TAMS 0x000000070e400000| PB 0x000000070e400000| Untracked 
| 107|0x000000070e600000, 0x000000070e600000, 0x000000070e800000|  0%| F|  |TAMS 0x000000070e600000| PB 0x000000070e600000| Untracked 
| 108|0x000000070e800000, 0x000000070e800000, 0x000000070ea00000|  0%| F|  |TAMS 0x000000070e800000| PB 0x000000070e800000| Untracked 
| 109|0x000000070ea00000, 0x000000070ea00000, 0x000000070ec00000|  0%| F|  |TAMS 0x000000070ea00000| PB 0x000000070ea00000| Untracked 
| 110|0x000000070ec00000, 0x000000070ec00000, 0x000000070ee00000|  0%| F|  |TAMS 0x000000070ec00000| PB 0x000000070ec00000| Untracked 
| 111|0x000000070ee00000, 0x000000070ee00000, 0x000000070f000000|  0%| F|  |TAMS 0x000000070ee00000| PB 0x000000070ee00000| Untracked 
| 112|0x000000070f000000, 0x000000070f000000, 0x000000070f200000|  0%| F|  |TAMS 0x000000070f000000| PB 0x000000070f000000| Untracked 
| 113|0x000000070f200000, 0x000000070f200000, 0x000000070f400000|  0%| F|  |TAMS 0x000000070f200000| PB 0x000000070f200000| Untracked 
| 114|0x000000070f400000, 0x000000070f600000, 0x000000070f600000|100%| E|  |TAMS 0x000000070f400000| PB 0x000000070f400000| Complete 
| 115|0x000000070f600000, 0x000000070f800000, 0x000000070f800000|100%| E|  |TAMS 0x000000070f600000| PB 0x000000070f600000| Complete 
| 116|0x000000070f800000, 0x000000070fa00000, 0x000000070fa00000|100%| E|CS|TAMS 0x000000070f800000| PB 0x000000070f800000| Complete 
| 117|0x000000070fa00000, 0x000000070fc00000, 0x000000070fc00000|100%| E|CS|TAMS 0x000000070fa00000| PB 0x000000070fa00000| Complete 
| 118|0x000000070fc00000, 0x000000070fdf0d98, 0x000000070fe00000| 97%| S|CS|TAMS 0x000000070fc00000| PB 0x000000070fc00000| Complete 
| 119|0x000000070fe00000, 0x0000000710000000, 0x0000000710000000|100%| E|CS|TAMS 0x000000070fe00000| PB 0x000000070fe00000| Complete 
| 120|0x0000000710000000, 0x0000000710200000, 0x0000000710200000|100%| E|CS|TAMS 0x0000000710000000| PB 0x0000000710000000| Complete 
| 121|0x0000000710200000, 0x0000000710400000, 0x0000000710400000|100%| E|CS|TAMS 0x0000000710200000| PB 0x0000000710200000| Complete 
| 122|0x0000000710400000, 0x0000000710600000, 0x0000000710600000|100%| E|CS|TAMS 0x0000000710400000| PB 0x0000000710400000| Complete 
| 123|0x0000000710600000, 0x0000000710800000, 0x0000000710800000|100%| E|CS|TAMS 0x0000000710600000| PB 0x0000000710600000| Complete 
| 124|0x0000000710800000, 0x0000000710a00000, 0x0000000710a00000|100%| E|CS|TAMS 0x0000000710800000| PB 0x0000000710800000| Complete 
| 125|0x0000000710a00000, 0x0000000710c00000, 0x0000000710c00000|100%| E|CS|TAMS 0x0000000710a00000| PB 0x0000000710a00000| Complete 
| 126|0x0000000710c00000, 0x0000000710e00000, 0x0000000710e00000|100%| E|CS|TAMS 0x0000000710c00000| PB 0x0000000710c00000| Complete 
| 127|0x0000000710e00000, 0x0000000711000000, 0x0000000711000000|100%| E|CS|TAMS 0x0000000710e00000| PB 0x0000000710e00000| Complete 

Card table byte_map: [0x0000021fe7290000,0x0000021fe7a90000] _byte_map_base: 0x0000021fe3a88000

Marking Bits: (CMBitMap*) 0x0000021fcf6a5fc0
 Bits: [0x0000021fe7a90000, 0x0000021feba50000)

Polling page: 0x0000021fcd570000

Metaspace:

Usage:
  Non-class:      7.73 MB used.
      Class:    879.88 KB used.
       Both:      8.59 MB used.

Virtual space:
  Non-class space:       64.00 MB reserved,       7.81 MB ( 12%) committed,  1 nodes.
      Class space:        1.00 GB reserved,       1.00 MB ( <1%) committed,  1 nodes.
             Both:        1.06 GB reserved,       8.81 MB ( <1%) committed. 

Chunk freelists:
   Non-Class:  8.19 MB
       Class:  15.03 MB
        Both:  23.22 MB

MaxMetaspaceSize: unlimited
CompressedClassSpaceSize: 1.00 GB
Initial GC threshold: 21.00 MB
Current GC threshold: 21.00 MB
CDS: on
 - commit_granule_bytes: 65536.
 - commit_granule_words: 8192.
 - virtual_space_node_default_size: 8388608.
 - enlarge_chunks_in_place: 1.
 - use_allocation_guard: 0.


Internal statistics:

num_allocs_failed_limit: 0.
num_arena_births: 162.
num_arena_deaths: 0.
num_vsnodes_births: 2.
num_vsnodes_deaths: 0.
num_space_committed: 141.
num_space_uncommitted: 0.
num_chunks_returned_to_freelist: 0.
num_chunks_taken_from_freelist: 218.
num_chunk_merges: 0.
num_chunk_splits: 124.
num_chunks_enlarged: 46.
num_inconsistent_stats: 0.

CodeHeap 'non-profiled nmethods': size=120000Kb used=624Kb max_used=624Kb free=119375Kb
 bounds [0x0000021fdf560000, 0x0000021fdf7d0000, 0x0000021fe6a90000]
CodeHeap 'profiled nmethods': size=120000Kb used=2977Kb max_used=2977Kb free=117022Kb
 bounds [0x0000021fd7a90000, 0x0000021fd7d80000, 0x0000021fdefc0000]
CodeHeap 'non-nmethods': size=5760Kb used=1616Kb max_used=1753Kb free=4143Kb
 bounds [0x0000021fdefc0000, 0x0000021fdf230000, 0x0000021fdf560000]
 total_blobs=2268 nmethods=1649 adapters=524
 compilation: enabled
              stopped_count=0, restarted_count=0
 full_count=0

Compilation events (20 events):
Event: 24.262 Thread 0x0000021fedf3c320 nmethod 1641 0x0000021fdf5fb690 code [0x0000021fdf5fb820, 0x0000021fdf5fb918]
Event: 24.773 Thread 0x0000021fedf3c320 1642  s    4       sun.java2d.loops.GraphicsPrimitive::makeUniqueID (26 bytes)
Event: 24.774 Thread 0x0000021fedf3c320 nmethod 1642 0x0000021fdf5fba10 code [0x0000021fdf5fbba0, 0x0000021fdf5fbe28]
Event: 24.803 Thread 0x0000021fedf40f00 1643  s    3       sun.java2d.loops.GraphicsPrimitiveMgr::locatePrim (95 bytes)
Event: 24.804 Thread 0x0000021fedf40f00 nmethod 1643 0x0000021fd7d74610 code [0x0000021fd7d74840, 0x0000021fd7d75100]
Event: 24.833 Thread 0x0000021fedf40f00 1644       3       sun.java2d.d3d.D3DBlitLoops::createPackedParams (60 bytes)
Event: 24.833 Thread 0x0000021fedf40f00 nmethod 1644 0x0000021fd7d75510 code [0x0000021fd7d756c0, 0x0000021fd7d75920]
Event: 25.842 Thread 0x0000021fedf40f00 1645       3       sun.java2d.d3d.D3DSurfaceDataProxy::createProxy (24 bytes)
Event: 25.843 Thread 0x0000021fedf40f00 nmethod 1645 0x0000021fd7d75990 code [0x0000021fd7d75bc0, 0x0000021fd7d76590]
Event: 25.843 Thread 0x0000021fedf40f00 1649       3       sun.java2d.SunGraphicsEnvironment::addDisplayChangedListener (9 bytes)
Event: 25.843 Thread 0x0000021fedf3c320 1650       4       java.util.WeakHashMap::indexFor (6 bytes)
Event: 25.843 Thread 0x0000021fedf40f00 nmethod 1649 0x0000021fd7d76890 code [0x0000021fd7d76a40, 0x0000021fd7d76ba0]
Event: 25.843 Thread 0x0000021fedf40f00 1646       3       sun.java2d.d3d.D3DSurfaceDataProxy::<init> (19 bytes)
Event: 25.843 Thread 0x0000021fedf3c320 nmethod 1650 0x0000021fdf5fbf90 code [0x0000021fdf5fc100, 0x0000021fdf5fc170]
Event: 25.843 Thread 0x0000021fedf40f00 nmethod 1646 0x0000021fd7d76c90 code [0x0000021fd7d76ea0, 0x0000021fd7d775e0]
Event: 25.843 Thread 0x0000021fedf40f00 1647       3       sun.java2d.SurfaceDataProxy::<init> (8 bytes)
Event: 25.843 Thread 0x0000021fedf40f00 nmethod 1647 0x0000021fd7d77810 code [0x0000021fd7d779c0, 0x0000021fd7d77c90]
Event: 25.843 Thread 0x0000021fedf40f00 1648       3       sun.java2d.SurfaceDataProxy::activateDisplayListener (20 bytes)
Event: 25.843 Thread 0x0000021fedf40f00 nmethod 1648 0x0000021fd7d77d90 code [0x0000021fd7d77f60, 0x0000021fd7d78340]
Event: 26.029 Thread 0x0000021fedf3c320 1651   !   4       sun.java2d.SurfaceDataProxy::replaceData (329 bytes)

GC Heap History (4 events):
Event: 0.557 GC heap before
{Heap before GC invocations=0 (full 0):
 garbage-first heap   total 262144K, used 36864K [0x0000000701000000, 0x0000000800000000)
  region size 2048K, 6 young (12288K), 0 survivors (0K)
 Metaspace       used 2910K, committed 3072K, reserved 1114112K
  class space    used 264K, committed 320K, reserved 1048576K
}
Event: 0.561 GC heap after
{Heap after GC invocations=1 (full 0):
 garbage-first heap   total 262144K, used 28651K [0x0000000701000000, 0x0000000800000000)
  region size 2048K, 1 young (2048K), 1 survivors (2048K)
 Metaspace       used 2910K, committed 3072K, reserved 1114112K
  class space    used 264K, committed 320K, reserved 1048576K
}
Event: 0.605 GC heap before
{Heap before GC invocations=1 (full 0):
 garbage-first heap   total 262144K, used 42987K [0x0000000701000000, 0x0000000800000000)
  region size 2048K, 9 young (18432K), 1 survivors (2048K)
 Metaspace       used 2927K, committed 3072K, reserved 1114112K
  class space    used 264K, committed 320K, reserved 1048576K
}
Event: 0.607 GC heap after
{Heap after GC invocations=2 (full 0):
 garbage-first heap   total 262144K, used 28611K [0x0000000701000000, 0x0000000800000000)
  region size 2048K, 1 young (2048K), 1 survivors (2048K)
 Metaspace       used 2927K, committed 3072K, reserved 1114112K
  class space    used 264K, committed 320K, reserved 1048576K
}

Dll operation events (11 events):
Event: 0.144 Loaded shared library C:\Users\maxim\.jdks\openjdk-21.0.2\bin\java.dll
Event: 0.145 Loaded shared library C:\Users\maxim\.jdks\openjdk-21.0.2\bin\zip.dll
Event: 0.186 Loaded shared library C:\Users\maxim\.jdks\openjdk-21.0.2\bin\jsvml.dll
Event: 0.260 Loaded shared library C:\Users\maxim\.jdks\openjdk-21.0.2\bin\instrument.dll
Event: 0.290 Loaded shared library C:\Users\maxim\.jdks\openjdk-21.0.2\bin\jimage.dll
Event: 0.300 Loaded shared library C:\Users\maxim\.jdks\openjdk-21.0.2\bin\net.dll
Event: 0.301 Loaded shared library C:\Users\maxim\.jdks\openjdk-21.0.2\bin\nio.dll
Event: 0.320 Loaded shared library C:\Users\maxim\.jdks\openjdk-21.0.2\bin\zip.dll
Event: 0.351 Loaded shared library C:\Users\maxim\.jdks\openjdk-21.0.2\bin\awt.dll
Event: 1.038 Loaded shared library C:\Users\maxim\.jdks\openjdk-21.0.2\bin\freetype.dll
Event: 1.039 Loaded shared library C:\Users\maxim\.jdks\openjdk-21.0.2\bin\fontmanager.dll

Deoptimization events (20 events):
Event: 25.961 Thread 0x0000021ff2f69100 DEOPT PACKING pc=0x0000021fd7d24a3c sp=0x000000bba62fd670
Event: 25.961 Thread 0x0000021ff2f69100 DEOPT UNPACKING pc=0x0000021fdf014e42 sp=0x000000bba62fcb80 mode 1
Event: 25.983 Thread 0x0000021ff2f69100 DEOPT PACKING pc=0x0000021fd7d54c1c sp=0x000000bba62fd430
Event: 25.983 Thread 0x0000021ff2f69100 DEOPT UNPACKING pc=0x0000021fdf014e42 sp=0x000000bba62fc9d8 mode 1
Event: 25.983 Thread 0x0000021ff2f69100 DEOPT PACKING pc=0x0000021fd7d0672c sp=0x000000bba62fd590
Event: 25.983 Thread 0x0000021ff2f69100 DEOPT UNPACKING pc=0x0000021fdf014e42 sp=0x000000bba62fca78 mode 1
Event: 25.984 Thread 0x0000021ff2f69100 DEOPT PACKING pc=0x0000021fd7d24a3c sp=0x000000bba62fd670
Event: 25.984 Thread 0x0000021ff2f69100 DEOPT UNPACKING pc=0x0000021fdf014e42 sp=0x000000bba62fcb80 mode 1
Event: 26.007 Thread 0x0000021ff2f69100 DEOPT PACKING pc=0x0000021fd7d54c1c sp=0x000000bba62fd430
Event: 26.007 Thread 0x0000021ff2f69100 DEOPT UNPACKING pc=0x0000021fdf014e42 sp=0x000000bba62fc9d8 mode 1
Event: 26.007 Thread 0x0000021ff2f69100 DEOPT PACKING pc=0x0000021fd7d0672c sp=0x000000bba62fd590
Event: 26.007 Thread 0x0000021ff2f69100 DEOPT UNPACKING pc=0x0000021fdf014e42 sp=0x000000bba62fca78 mode 1
Event: 26.007 Thread 0x0000021ff2f69100 DEOPT PACKING pc=0x0000021fd7d24a3c sp=0x000000bba62fd670
Event: 26.007 Thread 0x0000021ff2f69100 DEOPT UNPACKING pc=0x0000021fdf014e42 sp=0x000000bba62fcb80 mode 1
Event: 26.030 Thread 0x0000021ff2f69100 DEOPT PACKING pc=0x0000021fd7d54c1c sp=0x000000bba62fd430
Event: 26.030 Thread 0x0000021ff2f69100 DEOPT UNPACKING pc=0x0000021fdf014e42 sp=0x000000bba62fc9d8 mode 1
Event: 26.030 Thread 0x0000021ff2f69100 DEOPT PACKING pc=0x0000021fd7d0672c sp=0x000000bba62fd590
Event: 26.030 Thread 0x0000021ff2f69100 DEOPT UNPACKING pc=0x0000021fdf014e42 sp=0x000000bba62fca78 mode 1
Event: 26.030 Thread 0x0000021ff2f69100 DEOPT PACKING pc=0x0000021fd7d24a3c sp=0x000000bba62fd670
Event: 26.030 Thread 0x0000021ff2f69100 DEOPT UNPACKING pc=0x0000021fdf014e42 sp=0x000000bba62fcb80 mode 1

Classes loaded (20 events):
Event: 4.481 Loading class javax/swing/JInternalFrame
Event: 4.482 Loading class javax/swing/JInternalFrame done
Event: 4.482 Loading class javax/swing/KeyboardManager
Event: 4.482 Loading class javax/swing/KeyboardManager done
Event: 4.482 Loading class javax/swing/Popup$HeavyWeightWindow
Event: 4.482 Loading class sun/awt/ModalExclude
Event: 4.482 Loading class sun/awt/ModalExclude done
Event: 4.482 Loading class javax/swing/JWindow
Event: 4.482 Loading class javax/swing/JWindow done
Event: 4.482 Loading class javax/swing/Popup$HeavyWeightWindow done
Event: 5.624 Loading class entitys/NaziSquadLeader
Event: 5.624 Loading class entitys/NaziSquadLeader done
Event: 8.129 Loading class entitys/NaziAttacker
Event: 8.129 Loading class entitys/NaziAttacker done
Event: 10.384 Loading class java/awt/LightweightDispatcher$2
Event: 10.384 Loading class java/awt/LightweightDispatcher$2 done
Event: 12.019 Loading class java/awt/event/MouseWheelEvent
Event: 12.019 Loading class java/awt/event/MouseWheelEvent done
Event: 24.421 Loading class sun/java2d/SurfaceDataProxy$CountdownTracker
Event: 24.423 Loading class sun/java2d/SurfaceDataProxy$CountdownTracker done

Classes unloaded (0 events):
No events

Classes redefined (0 events):
No events

Internal exceptions (17 events):
Event: 0.261 Thread 0x0000021fcd482680 Exception <a 'java/lang/NoSuchMethodError'{0x0000000710c160d0}: 'void java.lang.invoke.DirectMethodHandle$Holder.invokeStatic(java.lang.Object, java.lang.Object, java.lang.Object)'> (0x0000000710c160d0) 
thrown [s\open\src\hotspot\share\interpreter\linkResolver.cpp, line 773]
Event: 0.266 Thread 0x0000021fcd482680 Exception <a 'java/lang/NoSuchMethodError'{0x0000000710c2d5d8}: 'java.lang.Object java.lang.invoke.Invokers$Holder.invokeExact_MT(java.lang.Object, java.lang.Object, java.lang.Object, java.lang.Object, java.lang.Object)'> (0x0000000710c2d5d8) 
thrown [s\open\src\hotspot\share\interpreter\linkResolver.cpp, line 773]
Event: 0.340 Thread 0x0000021fcd482680 Exception <a 'java/lang/ClassNotFoundException'{0x0000000710aad218}: sun/awt/resources/spi/awtProvider> (0x0000000710aad218) 
thrown [s\open\src\hotspot\share\classfile\systemDictionary.cpp, line 312]
Event: 0.364 Thread 0x0000021fcd482680 Exception <a 'java/io/FileNotFoundException'{0x0000000710b27928}> (0x0000000710b27928) 
thrown [s\open\src\hotspot\share\prims\jni.cpp, line 520]
Event: 0.370 Thread 0x0000021fcd482680 Exception <a 'java/io/FileNotFoundException'{0x0000000710b52278}> (0x0000000710b52278) 
thrown [s\open\src\hotspot\share\prims\jni.cpp, line 520]
Event: 0.421 Thread 0x0000021fcd482680 Exception <a 'java/lang/NoSuchMethodError'{0x000000071084b198}: 'java.lang.Object java.lang.invoke.DirectMethodHandle$Holder.invokeStaticInit(java.lang.Object, int, int, int, int)'> (0x000000071084b198) 
thrown [s\open\src\hotspot\share\interpreter\linkResolver.cpp, line 773]
Event: 0.491 Thread 0x0000021fcd482680 Exception <a 'java/lang/NoSuchMethodError'{0x000000071095b9c8}: 'java.lang.Object java.lang.invoke.DirectMethodHandle$Holder.invokeStaticInit(java.lang.Object, java.lang.Object, int, int, int, int)'> (0x000000071095b9c8) 
thrown [s\open\src\hotspot\share\interpreter\linkResolver.cpp, line 773]
Event: 0.703 Thread 0x0000021fcd482680 Exception <a 'java/lang/NoSuchMethodError'{0x000000071098b220}: 'void java.lang.invoke.DirectMethodHandle$Holder.invokeSpecial(java.lang.Object, java.lang.Object, java.lang.Object)'> (0x000000071098b220) 
thrown [s\open\src\hotspot\share\interpreter\linkResolver.cpp, line 773]
Event: 0.712 Thread 0x0000021fcd482680 Exception <a 'java/lang/NoSuchMethodError'{0x00000007109d7198}: 'java.lang.Object java.lang.invoke.DirectMethodHandle$Holder.newInvokeSpecial(java.lang.Object, java.lang.Object, java.lang.Object, java.lang.Object, java.lang.Object)'> (0x00000007109d7198) 
thrown [s\open\src\hotspot\share\interpreter\linkResolver.cpp, line 773]
Event: 0.717 Thread 0x0000021fcd482680 Exception <a 'java/lang/NoSuchMethodError'{0x00000007106036a8}: 'java.lang.Object java.lang.invoke.DirectMethodHandle$Holder.invokeStatic(java.lang.Object, int, java.lang.Object)'> (0x00000007106036a8) 
thrown [s\open\src\hotspot\share\interpreter\linkResolver.cpp, line 773]
Event: 0.745 Thread 0x0000021fcd482680 Exception <a 'java/lang/ClassNotFoundException'{0x00000007106d6b68}: com/sun/swing/internal/plaf/metal/resources/spi/metalProvider> (0x00000007106d6b68) 
thrown [s\open\src\hotspot\share\classfile\systemDictionary.cpp, line 312]
Event: 0.746 Thread 0x0000021fcd482680 Exception <a 'java/lang/ClassNotFoundException'{0x00000007106dd2e8}: com/sun/swing/internal/plaf/basic/resources/spi/basicProvider> (0x00000007106dd2e8) 
thrown [s\open\src\hotspot\share\classfile\systemDictionary.cpp, line 312]
Event: 1.001 Thread 0x0000021fcd482680 Exception <a 'java/lang/NoSuchMethodError'{0x000000071075fe10}: 'int java.lang.invoke.Invokers$Holder.invokeExact_MT(java.lang.Object, java.lang.Object)'> (0x000000071075fe10) 
thrown [s\open\src\hotspot\share\interpreter\linkResolver.cpp, line 773]
Event: 1.002 Thread 0x0000021fcd482680 Implicit null exception at 0x0000021fdf597fc1 to 0x0000021fdf59836c
Event: 1.002 Thread 0x0000021fcd482680 Implicit null exception at 0x0000021fdf599040 to 0x0000021fdf5990c5
Event: 1.009 Thread 0x0000021ff2a57b40 Exception <a 'java/lang/NoSuchMethodError'{0x00000007108d94c0}: 'void java.lang.invoke.DirectMethodHandle$Holder.invokeVirtual(java.lang.Object, java.lang.Object)'> (0x00000007108d94c0) 
thrown [s\open\src\hotspot\share\interpreter\linkResolver.cpp, line 773]
Event: 1.034 Thread 0x0000021fcd482680 Exception <a 'java/lang/NoSuchMethodError'{0x0000000710439a20}: 'void java.lang.invoke.DirectMethodHandle$Holder.invokeStaticInit(java.lang.Object)'> (0x0000000710439a20) 
thrown [s\open\src\hotspot\share\interpreter\linkResolver.cpp, line 773]

ZGC Phase Switch (0 events):
No events

VM Operations (20 events):
Event: 11.304 Executing VM operation: Cleanup
Event: 11.305 Executing VM operation: Cleanup done
Event: 12.320 Executing VM operation: Cleanup
Event: 12.337 Executing VM operation: Cleanup done
Event: 13.349 Executing VM operation: Cleanup
Event: 13.349 Executing VM operation: Cleanup done
Event: 14.363 Executing VM operation: Cleanup
Event: 14.364 Executing VM operation: Cleanup done
Event: 16.381 Executing VM operation: Cleanup
Event: 16.382 Executing VM operation: Cleanup done
Event: 18.386 Executing VM operation: Cleanup
Event: 18.387 Executing VM operation: Cleanup done
Event: 19.402 Executing VM operation: Cleanup
Event: 19.402 Executing VM operation: Cleanup done
Event: 21.430 Executing VM operation: Cleanup
Event: 21.430 Executing VM operation: Cleanup done
Event: 23.458 Executing VM operation: Cleanup
Event: 23.474 Executing VM operation: Cleanup done
Event: 24.486 Executing VM operation: Cleanup
Event: 24.486 Executing VM operation: Cleanup done

Events (20 events):
Event: 0.184 Thread 0x0000021fedf2d9a0 Thread added: 0x0000021fedf2d9a0
Event: 0.184 Thread 0x0000021fedf31610 Thread added: 0x0000021fedf31610
Event: 0.185 Thread 0x0000021fedf34080 Thread added: 0x0000021fedf34080
Event: 0.185 Thread 0x0000021fedf36360 Thread added: 0x0000021fedf36360
Event: 0.185 Thread 0x0000021fedf37690 Thread added: 0x0000021fedf37690
Event: 0.185 Thread 0x0000021fedf3c320 Thread added: 0x0000021fedf3c320
Event: 0.185 Thread 0x0000021fedf40f00 Thread added: 0x0000021fedf40f00
Event: 0.212 Thread 0x0000021fedefb700 Thread added: 0x0000021fedefb700
Event: 0.238 Thread 0x0000021ff2333e30 Thread added: 0x0000021ff2333e30
Event: 0.239 Thread 0x0000021ff2366230 Thread added: 0x0000021ff2366230
Event: 0.239 Thread 0x0000021ff23344b0 Thread added: 0x0000021ff23344b0
Event: 0.273 Thread 0x0000021ff230c920 Thread added: 0x0000021ff230c920
Event: 0.503 Thread 0x0000021ff24e9ec0 Thread added: 0x0000021ff24e9ec0
Event: 0.660 Thread 0x0000021ff2a574d0 Thread added: 0x0000021ff2a574d0
Event: 0.661 Thread 0x0000021ff2a57b40 Thread added: 0x0000021ff2a57b40
Event: 1.020 Thread 0x0000021ff2f69100 Thread added: 0x0000021ff2f69100
Event: 1.103 Thread 0x0000021ff30059a0 Thread added: 0x0000021ff30059a0
Event: 1.103 Thread 0x0000021fcd482680 Thread exited: 0x0000021fcd482680
Event: 1.103 Thread 0x0000021fcd482680 Thread added: 0x0000021fcd482680
Event: 1.109 Thread 0x0000021ff3006010 Thread added: 0x0000021ff3006010


Dynamic libraries:
0x00007ff64abf0000 - 0x00007ff64abfe000 	C:\Users\maxim\.jdks\openjdk-21.0.2\bin\java.exe
0x00007ffacf1f0000 - 0x00007ffacf407000 	C:\Windows\SYSTEM32\ntdll.dll
0x00007ffaa2c20000 - 0x00007ffaa2c39000 	C:\Program Files\Avast Software\Avast\aswhook.dll
0x00007ffacdd70000 - 0x00007ffacde34000 	C:\Windows\System32\KERNEL32.DLL
0x00007ffacc670000 - 0x00007ffacca16000 	C:\Windows\System32\KERNELBASE.dll
0x00007ffacce20000 - 0x00007ffaccf31000 	C:\Windows\System32\ucrtbase.dll
0x00007ffac6dc0000 - 0x00007ffac6ddb000 	C:\Users\maxim\.jdks\openjdk-21.0.2\bin\VCRUNTIME140.dll
0x00007ffac7c30000 - 0x00007ffac7c48000 	C:\Users\maxim\.jdks\openjdk-21.0.2\bin\jli.dll
0x00007ffacd500000 - 0x00007ffacd6ae000 	C:\Windows\System32\USER32.dll
0x00007ffab25a0000 - 0x00007ffab2833000 	C:\Windows\WinSxS\amd64_microsoft.windows.common-controls_6595b64144ccf1df_6.0.22621.2506_none_270c5ae97388e100\COMCTL32.dll
0x00007ffacc640000 - 0x00007ffacc666000 	C:\Windows\System32\win32u.dll
0x00007ffacef90000 - 0x00007ffacefb9000 	C:\Windows\System32\GDI32.dll
0x00007ffacca20000 - 0x00007ffaccb38000 	C:\Windows\System32\gdi32full.dll
0x00007ffacefc0000 - 0x00007ffacf067000 	C:\Windows\System32\msvcrt.dll
0x00007ffacc530000 - 0x00007ffacc5ca000 	C:\Windows\System32\msvcp_win.dll
0x00007ffacf070000 - 0x00007ffacf0a1000 	C:\Windows\System32\IMM32.DLL
0x00007ffac9790000 - 0x00007ffac979c000 	C:\Users\maxim\.jdks\openjdk-21.0.2\bin\vcruntime140_1.dll
0x00007ffac6b90000 - 0x00007ffac6c1e000 	C:\Users\maxim\.jdks\openjdk-21.0.2\bin\msvcp140.dll
0x00007ffa83520000 - 0x00007ffa84237000 	C:\Users\maxim\.jdks\openjdk-21.0.2\bin\server\jvm.dll
0x00007ffaccf40000 - 0x00007ffaccff3000 	C:\Windows\System32\ADVAPI32.dll
0x00007ffacdfa0000 - 0x00007fface048000 	C:\Windows\System32\sechost.dll
0x00007ffaccb40000 - 0x00007ffaccb68000 	C:\Windows\System32\bcrypt.dll
0x00007ffacdc30000 - 0x00007ffacdd47000 	C:\Windows\System32\RPCRT4.dll
0x00007ffacef10000 - 0x00007ffacef81000 	C:\Windows\System32\WS2_32.dll
0x00007ffacbd60000 - 0x00007ffacbdad000 	C:\Windows\SYSTEM32\POWRPROF.dll
0x00007ffac4d90000 - 0x00007ffac4d9a000 	C:\Windows\SYSTEM32\VERSION.dll
0x00007ffac3060000 - 0x00007ffac3094000 	C:\Windows\SYSTEM32\WINMM.dll
0x00007ffacbd20000 - 0x00007ffacbd33000 	C:\Windows\SYSTEM32\UMPDC.dll
0x00007ffacb570000 - 0x00007ffacb588000 	C:\Windows\SYSTEM32\kernel.appcore.dll
0x00007ffac7c10000 - 0x00007ffac7c1a000 	C:\Users\maxim\.jdks\openjdk-21.0.2\bin\jimage.dll
0x00007ffac17b0000 - 0x00007ffac19e3000 	C:\Windows\SYSTEM32\DBGHELP.DLL
0x00007ffacd000000 - 0x00007ffacd389000 	C:\Windows\System32\combase.dll
0x00007fface0b0000 - 0x00007fface187000 	C:\Windows\System32\OLEAUT32.dll
0x00007ffabc300000 - 0x00007ffabc332000 	C:\Windows\SYSTEM32\dbgcore.DLL
0x00007ffaccc30000 - 0x00007ffacccaa000 	C:\Windows\System32\bcryptPrimitives.dll
0x00007ffac6b50000 - 0x00007ffac6b8c000 	C:\Users\maxim\.jdks\openjdk-21.0.2\bin\jdwp.dll
0x00007ffac6db0000 - 0x00007ffac6dbf000 	C:\Users\maxim\.jdks\openjdk-21.0.2\bin\instrument.dll
0x00007ffac5810000 - 0x00007ffac582f000 	C:\Users\maxim\.jdks\openjdk-21.0.2\bin\java.dll
0x00007ffabd8c0000 - 0x00007ffabd8d8000 	C:\Users\maxim\.jdks\openjdk-21.0.2\bin\zip.dll
0x00007fface1b0000 - 0x00007ffacea0b000 	C:\Windows\System32\SHELL32.dll
0x00007ffaca490000 - 0x00007ffacad86000 	C:\Windows\SYSTEM32\windows.storage.dll
0x00007ffaca350000 - 0x00007ffaca48e000 	C:\Windows\SYSTEM32\wintypes.dll
0x00007ffacd390000 - 0x00007ffacd483000 	C:\Windows\System32\SHCORE.dll
0x00007ffacda40000 - 0x00007ffacda9e000 	C:\Windows\System32\shlwapi.dll
0x00007ffacc460000 - 0x00007ffacc486000 	C:\Windows\SYSTEM32\profapi.dll
0x00007ffabbee0000 - 0x00007ffabbfb7000 	C:\Users\maxim\.jdks\openjdk-21.0.2\bin\jsvml.dll
0x00007ffac5800000 - 0x00007ffac580c000 	C:\Users\maxim\.jdks\openjdk-21.0.2\bin\dt_socket.dll
0x00007ffacaff0000 - 0x00007ffacb01d000 	C:\Windows\SYSTEM32\IPHLPAPI.DLL
0x00007ffacba60000 - 0x00007ffacbac9000 	C:\Windows\system32\mswsock.dll
0x00007ffac6b40000 - 0x00007ffac6b50000 	C:\Users\maxim\.jdks\openjdk-21.0.2\bin\net.dll
0x00007ffac6f10000 - 0x00007ffac7047000 	C:\Windows\SYSTEM32\WINHTTP.dll
0x00007ffabda30000 - 0x00007ffabda46000 	C:\Users\maxim\.jdks\openjdk-21.0.2\bin\nio.dll
0x00007ffab4080000 - 0x00007ffab420e000 	C:\Users\maxim\.jdks\openjdk-21.0.2\bin\awt.dll
0x00007ffac98e0000 - 0x00007ffac9977000 	C:\Windows\SYSTEM32\apphelp.dll
0x00007ffacbcc0000 - 0x00007ffacbcdb000 	C:\Windows\SYSTEM32\CRYPTSP.dll
0x00007ffacb4d0000 - 0x00007ffacb505000 	C:\Windows\system32\rsaenh.dll
0x00007ffacbb50000 - 0x00007ffacbb7c000 	C:\Windows\SYSTEM32\USERENV.dll
0x00007ffacbce0000 - 0x00007ffacbcec000 	C:\Windows\SYSTEM32\CRYPTBASE.dll
0x00007ffacdd60000 - 0x00007ffacdd69000 	C:\Windows\System32\NSI.dll
0x00007ffac9a20000 - 0x00007ffac9acb000 	C:\Windows\system32\uxtheme.dll
0x00007ffacde40000 - 0x00007ffacdf91000 	C:\Windows\System32\MSCTF.dll
0x00007ffacd6b0000 - 0x00007ffacd850000 	C:\Windows\System32\ole32.dll
0x00007ffac9d00000 - 0x00007ffac9d2b000 	C:\Windows\system32\DWMAPI.DLL
0x00007ffa656d0000 - 0x00007ffa657d0000 	C:\Windows\system32\opengl32.dll
0x00007ffa656a0000 - 0x00007ffa656cd000 	C:\Windows\SYSTEM32\GLU32.dll
0x00007ffac9b90000 - 0x00007ffac9bc9000 	C:\Windows\SYSTEM32\dxcore.dll
0x00007ffa93080000 - 0x00007ffa93229000 	C:\Windows\system32\d3d9.dll
0x00007ffac4220000 - 0x00007ffac42dc000 	C:\Windows\System32\DriverStore\FileRepository\nv_dispig.inf_amd64_866484083fc526af\nvldumdx.dll
0x00007ffacbd40000 - 0x00007ffacbd52000 	C:\Windows\SYSTEM32\msasn1.dll
0x00007ffac4d50000 - 0x00007ffac4d82000 	C:\Windows\SYSTEM32\cryptnet.dll
0x00007ffacccb0000 - 0x00007ffacce16000 	C:\Windows\System32\CRYPT32.dll
0x00007ffac4bf0000 - 0x00007ffac4d48000 	C:\Windows\SYSTEM32\drvstore.dll
0x00007ffacc240000 - 0x00007ffacc26c000 	C:\Windows\SYSTEM32\devobj.dll
0x00007ffacc1f0000 - 0x00007ffacc23e000 	C:\Windows\SYSTEM32\cfgmgr32.dll
0x00007ffacbe00000 - 0x00007ffacbe4b000 	C:\Windows\SYSTEM32\wldp.dll
0x00007ffacc5d0000 - 0x00007ffacc63b000 	C:\Windows\System32\wintrust.dll
0x00007ffacd860000 - 0x00007ffacd87f000 	C:\Windows\System32\imagehlp.dll
0x00007ffabf5c0000 - 0x00007ffac17ae000 	C:\Windows\System32\DriverStore\FileRepository\nv_dispig.inf_amd64_866484083fc526af\nvgpucomp64.dll
0x00007ffa90630000 - 0x00007ffa92ff5000 	C:\Windows\System32\DriverStore\FileRepository\nv_dispig.inf_amd64_866484083fc526af\nvd3dumx.dll
0x00007ffac6ec0000 - 0x00007ffac6f0a000 	C:\Windows\SYSTEM32\directxdatabasehelper.dll
0x00007ffacbaf0000 - 0x00007ffacbb16000 	C:\Windows\SYSTEM32\gpapi.dll
0x00007ffabbe50000 - 0x00007ffabbed7000 	C:\Users\maxim\.jdks\openjdk-21.0.2\bin\freetype.dll
0x00007ffab3f90000 - 0x00007ffab4072000 	C:\Users\maxim\.jdks\openjdk-21.0.2\bin\fontmanager.dll
0x00007ffac1fd0000 - 0x00007ffac211a000 	C:\Windows\SYSTEM32\textinputframework.dll
0x00007ffac94f0000 - 0x00007ffac9624000 	C:\Windows\SYSTEM32\CoreMessaging.dll
0x00007ffac67b0000 - 0x00007ffac6b1c000 	C:\Windows\SYSTEM32\CoreUIComponents.dll

dbghelp: loaded successfully - version: 4.0.5 - missing functions: none
symbol engine: initialized successfully - sym options: 0x614 - pdb path: .;C:\Users\maxim\.jdks\openjdk-21.0.2\bin;C:\Windows\SYSTEM32;C:\Program Files\Avast Software\Avast;C:\Windows\WinSxS\amd64_microsoft.windows.common-controls_6595b64144ccf1df_6.0.22621.2506_none_270c5ae97388e100;C:\Users\maxim\.jdks\openjdk-21.0.2\bin\server;C:\Windows\System32\DriverStore\FileRepository\nv_dispig.inf_amd64_866484083fc526af

VM Arguments:
jvm_args: -agentlib:jdwp=transport=dt_socket,address=127.0.0.1:52585,suspend=y,server=n -javaagent:C:\Users\maxim\AppData\Local\JetBrains\IntelliJIdea2023.3\captureAgent\debugger-agent.jar -Dfile.encoding=UTF-8 -Dsun.stdout.encoding=UTF-8 -Dsun.stderr.encoding=UTF-8 
java_command: main.MainClass
java_class_path (initial): C:\Users\maxim\IdeaProjects\Coursework\target\classes;C:\Users\maxim\.m2\repository\org\openjfx\javafx-controls\21\javafx-controls-21.jar;C:\Users\maxim\.m2\repository\org\openjfx\javafx-controls\21\javafx-controls-21-win.jar;C:\Users\maxim\.m2\repository\org\openjfx\javafx-graphics\21\javafx-graphics-21.jar;C:\Users\maxim\.m2\repository\org\openjfx\javafx-graphics\21\javafx-graphics-21-win.jar;C:\Users\maxim\.m2\repository\org\openjfx\javafx-base\21\javafx-base-21.jar;C:\Users\maxim\.m2\repository\org\openjfx\javafx-base\21\javafx-base-21-win.jar;C:\Users\maxim\.m2\repository\org\openjfx\javafx-fxml\21\javafx-fxml-21.jar;C:\Users\maxim\.m2\repository\org\openjfx\javafx-fxml\21\javafx-fxml-21-win.jar;C:\Program Files\JetBrains\IntelliJ IDEA 2023.3.2\lib\idea_rt.jar
Launcher Type: SUN_STANDARD

[Global flags]
     intx CICompilerCount                          = 3                                         {product} {ergonomic}
     uint ConcGCThreads                            = 1                                         {product} {ergonomic}
     uint G1ConcRefinementThreads                  = 4                                         {product} {ergonomic}
   size_t G1HeapRegionSize                         = 2097152                                   {product} {ergonomic}
    uintx GCDrainStackTargetSize                   = 64                                        {product} {ergonomic}
   size_t InitialHeapSize                          = 268435456                                 {product} {ergonomic}
   size_t MarkStackSize                            = 4194304                                   {product} {ergonomic}
   size_t MaxHeapSize                              = 4278190080                                {product} {ergonomic}
   size_t MaxNewSize                               = 2566914048                                {product} {ergonomic}
   size_t MinHeapDeltaBytes                        = 2097152                                   {product} {ergonomic}
   size_t MinHeapSize                              = 8388608                                   {product} {ergonomic}
    uintx NonNMethodCodeHeapSize                   = 5832780                                {pd product} {ergonomic}
    uintx NonProfiledCodeHeapSize                  = 122912730                              {pd product} {ergonomic}
    uintx ProfiledCodeHeapSize                     = 122912730                              {pd product} {ergonomic}
    uintx ReservedCodeCacheSize                    = 251658240                              {pd product} {ergonomic}
     bool SegmentedCodeCache                       = true                                      {product} {ergonomic}
   size_t SoftMaxHeapSize                          = 4278190080                             {manageable} {ergonomic}
     bool UseCompressedOops                        = true                           {product lp64_product} {ergonomic}
     bool UseG1GC                                  = true                                      {product} {ergonomic}
     bool UseLargePagesIndividualAllocation        = false                                  {pd product} {ergonomic}

Logging:
Log output configuration:
 #0: stdout all=warning uptime,level,tags foldmultilines=false
 #1: stderr all=off uptime,level,tags foldmultilines=false

Environment Variables:
PATH=C:\Windows\system32;C:\Windows;C:\Windows\System32\Wbem;C:\Windows\System32\WindowsPowerShell\v1.0\;C:\Windows\System32\OpenSSH\;C:\Program Files\dotnet\;C:\Program Files (x86)\NVIDIA Corporation\PhysX\Common;C:\Program Files (x86)\Windows Kits\10\Windows Performance Toolkit\;C:\Program Files\Git\cmd;C:\Users\maxim\AppData\Local\Microsoft\WindowsApps;C:\Users\maxim\.dotnet\tools;C:\Program Files\JetBrains\IntelliJ IDEA 2023.3.2\bin;;C:\Program Files\CMake\bin;C:\Users\maxim\AppData\Local\Programs\Microsoft VS Code\bin
USERNAME=maxim
OS=Windows_NT
PROCESSOR_IDENTIFIER=Intel64 Family 6 Model 158 Stepping 11, GenuineIntel
TMP=C:\Users\maxim\AppData\Local\Temp
TEMP=C:\Users\maxim\AppData\Local\Temp




Periodic native trim disabled

---------------  S Y S T E M  ---------------

OS:
 Windows 11 , 64 bit Build 22621 (10.0.22621.3085)
OS uptime: 0 days 11:40 hours

CPU: total 4 (initial active 4) (4 cores per cpu, 1 threads per core) family 6 model 158 stepping 11 microcode 0xde, cx8, cmov, fxsr, mmx, 3dnowpref, sse, sse2, sse3, ssse3, sse4.1, sse4.2, popcnt, lzcnt, tsc, tscinvbit, avx, avx2, aes, erms, clmul, bmi1, bmi2, adx, fma, vzeroupper, clflush, clflushopt, rdtscp, f16c
Processor Information for all 4 processors :
  Max Mhz: 3600, Current Mhz: 3600, Mhz Limit: 3600

Memory: 4k page, system-wide physical 16317M (277M free)
TotalPageFile size 33706M (AvailPageFile size 0M)
current process WorkingSet (physical memory assigned to process): 4939M, peak: 10250M
current process commit charge ("private bytes"): 20750M, peak: 20766M

vm_info: OpenJDK 64-Bit Server VM (21.0.2+13-58) for windows-amd64 JRE (21.0.2+13-58), built on 2024-01-05T18:32:24Z by "mach5one" with MS VC++ 17.1 (VS2022)

END.
